<?xml version="1.0" encoding="UTF-8"?>
<coverage generated="1765485416175" clover="3.2.0">
  <project timestamp="1765485416176" name="All files">
    <metrics statements="5" coveredstatements="5" conditionals="3" coveredconditionals="3" methods="1" coveredmethods="1" elements="9" coveredelements="9" complexity="0" loc="5" ncloc="5" packages="1" files="1" classes="1"/>
    <file name="PrimaryButton.tsx" path="C:\Users\hacke\OneDrive\Anexos\2025.2-Fuxi-Mobile\components\PrimaryButton.tsx">
      <metrics statements="5" coveredstatements="5" conditionals="3" coveredconditionals="3" methods="1" coveredmethods="1"/>
      <line num="14" count="1" type="stmt"/>
      <line num="17" count="6" type="stmt"/>
      <line num="19" count="6" type="cond" truecount="2" falsecount="0"/>
      <line num="21" count="6" type="stmt"/>
      <line num="28" count="1" type="stmt"/>
    </file>
  </project>
</coverage>
