<?xml version="1.0" encoding="UTF-8"?>
<coverage generated="1765519263509" clover="3.2.0">
  <project timestamp="1765519263509" name="All files">
    <metrics statements="233" coveredstatements="207" conditionals="136" coveredconditionals="116" methods="58" coveredmethods="51" elements="427" coveredelements="374" complexity="0" loc="233" ncloc="233" packages="2" files="23" classes="23"/>
    <package name="components">
      <metrics statements="139" coveredstatements="120" conditionals="78" coveredconditionals="64" methods="50" coveredmethods="43"/>
      <file name="AppText.tsx" path="C:\Users\tifaa\Documents\Projeto\2025.2-Fuxi-Mobile\components\AppText.tsx">
        <metrics statements="2" coveredstatements="2" conditionals="0" coveredconditionals="0" methods="1" coveredmethods="1"/>
        <line num="9" count="17" type="stmt"/>
        <line num="18" count="4" type="stmt"/>
      </file>
      <file name="DemandCard.tsx" path="C:\Users\tifaa\Documents\Projeto\2025.2-Fuxi-Mobile\components\DemandCard.tsx">
        <metrics statements="18" coveredstatements="18" conditionals="7" coveredconditionals="7" methods="7" coveredmethods="7"/>
        <line num="16" count="1" type="cond" truecount="1" falsecount="0"/>
        <line num="17" count="9" type="stmt"/>
        <line num="19" count="9" type="stmt"/>
        <line num="20" count="5" type="stmt"/>
        <line num="21" count="5" type="stmt"/>
        <line num="22" count="5" type="stmt"/>
        <line num="23" count="11" type="stmt"/>
        <line num="24" count="5" type="stmt"/>
        <line num="26" count="1" type="stmt"/>
        <line num="29" count="5" type="stmt"/>
        <line num="33" count="9" type="stmt"/>
        <line num="44" count="1" type="stmt"/>
        <line num="51" count="1" type="stmt"/>
        <line num="71" count="9" type="cond" truecount="2" falsecount="0"/>
        <line num="72" count="4" type="stmt"/>
        <line num="75" count="1" type="stmt"/>
        <line num="83" count="5" type="stmt"/>
        <line num="86" count="1" type="stmt"/>
      </file>
      <file name="DropdownSelect.tsx" path="C:\Users\tifaa\Documents\Projeto\2025.2-Fuxi-Mobile\components\DropdownSelect.tsx">
        <metrics statements="4" coveredstatements="3" conditionals="1" coveredconditionals="1" methods="3" coveredmethods="2"/>
        <line num="23" count="4" type="stmt"/>
        <line num="31" count="0" type="stmt"/>
        <line num="39" count="8" type="stmt"/>
        <line num="46" count="1" type="stmt"/>
      </file>
      <file name="InputContainer.tsx" path="C:\Users\tifaa\Documents\Projeto\2025.2-Fuxi-Mobile\components\InputContainer.tsx">
        <metrics statements="2" coveredstatements="2" conditionals="2" coveredconditionals="2" methods="1" coveredmethods="1"/>
        <line num="11" count="5" type="stmt"/>
        <line num="20" count="1" type="stmt"/>
      </file>
      <file name="MemberCard.tsx" path="C:\Users\tifaa\Documents\Projeto\2025.2-Fuxi-Mobile\components\MemberCard.tsx">
        <metrics statements="2" coveredstatements="2" conditionals="0" coveredconditionals="0" methods="1" coveredmethods="1"/>
        <line num="15" count="2" type="stmt"/>
        <line num="25" count="1" type="stmt"/>
      </file>
      <file name="NavBar.tsx" path="C:\Users\tifaa\Documents\Projeto\2025.2-Fuxi-Mobile\components\NavBar.tsx">
        <metrics statements="51" coveredstatements="37" conditionals="29" coveredconditionals="17" methods="15" coveredmethods="10"/>
        <line num="10" count="10" type="stmt"/>
        <line num="13" count="10" type="stmt"/>
        <line num="14" count="5" type="stmt"/>
        <line num="15" count="5" type="stmt"/>
        <line num="16" count="5" type="stmt"/>
        <line num="18" count="5" type="stmt"/>
        <line num="21" count="10" type="stmt"/>
        <line num="22" count="10" type="stmt"/>
        <line num="23" count="0" type="stmt"/>
        <line num="25" count="0" type="stmt"/>
        <line num="38" count="0" type="stmt"/>
        <line num="50" count="10" type="stmt"/>
        <line num="51" count="10" type="stmt"/>
        <line num="54" count="10" type="stmt"/>
        <line num="55" count="30" type="stmt"/>
        <line num="56" count="30" type="stmt"/>
        <line num="58" count="30" type="cond" truecount="1" falsecount="1"/>
        <line num="59" count="0" type="stmt"/>
        <line num="62" count="30" type="cond" truecount="2" falsecount="2"/>
        <line num="64" count="0" type="cond" truecount="0" falsecount="2"/>
        <line num="65" count="0" type="stmt"/>
        <line num="67" count="0" type="stmt"/>
        <line num="69" count="15" type="cond" truecount="1" falsecount="1"/>
        <line num="70" count="0" type="stmt"/>
        <line num="72" count="15" type="stmt"/>
        <line num="75" count="0" type="cond" truecount="0" falsecount="4"/>
        <line num="76" count="0" type="stmt"/>
        <line num="78" count="0" type="stmt"/>
        <line num="81" count="15" type="cond" truecount="4" falsecount="1"/>
        <line num="82" count="0" type="stmt"/>
        <line num="84" count="15" type="stmt"/>
        <line num="87" count="30" type="stmt"/>
        <line num="91" count="10" type="stmt"/>
        <line num="92" count="10" type="stmt"/>
        <line num="93" count="20" type="stmt"/>
        <line num="94" count="20" type="stmt"/>
        <line num="95" count="20" type="stmt"/>
        <line num="101" count="10" type="stmt"/>
        <line num="106" count="30" type="stmt"/>
        <line num="109" count="30" type="stmt"/>
        <line num="111" count="30" type="stmt"/>
        <line num="112" count="2" type="stmt"/>
        <line num="118" count="2" type="cond" truecount="4" falsecount="0"/>
        <line num="119" count="1" type="stmt"/>
        <line num="124" count="30" type="stmt"/>
        <line num="125" count="0" type="stmt"/>
        <line num="131" count="30" type="stmt"/>
        <line num="133" count="30" type="cond" truecount="1" falsecount="1"/>
        <line num="135" count="0" type="stmt"/>
        <line num="138" count="30" type="stmt"/>
        <line num="158" count="1" type="stmt"/>
      </file>
      <file name="PasswordInputField.tsx" path="C:\Users\tifaa\Documents\Projeto\2025.2-Fuxi-Mobile\components\PasswordInputField.tsx">
        <metrics statements="4" coveredstatements="4" conditionals="3" coveredconditionals="3" methods="2" coveredmethods="2"/>
        <line num="17" count="8" type="stmt"/>
        <line num="19" count="8" type="stmt"/>
        <line num="30" count="2" type="stmt"/>
        <line num="43" count="1" type="stmt"/>
      </file>
      <file name="PrimaryButton.tsx" path="C:\Users\tifaa\Documents\Projeto\2025.2-Fuxi-Mobile\components\PrimaryButton.tsx">
        <metrics statements="5" coveredstatements="5" conditionals="3" coveredconditionals="3" methods="1" coveredmethods="1"/>
        <line num="14" count="1" type="stmt"/>
        <line num="17" count="6" type="stmt"/>
        <line num="19" count="6" type="cond" truecount="2" falsecount="0"/>
        <line num="21" count="6" type="stmt"/>
        <line num="28" count="1" type="stmt"/>
      </file>
      <file name="ProfileActionCard.tsx" path="C:\Users\tifaa\Documents\Projeto\2025.2-Fuxi-Mobile\components\ProfileActionCard.tsx">
        <metrics statements="2" coveredstatements="2" conditionals="2" coveredconditionals="2" methods="1" coveredmethods="1"/>
        <line num="17" count="5" type="stmt"/>
        <line num="31" count="1" type="stmt"/>
      </file>
      <file name="ResearchCard.tsx" path="C:\Users\tifaa\Documents\Projeto\2025.2-Fuxi-Mobile\components\ResearchCard.tsx">
        <metrics statements="27" coveredstatements="26" conditionals="19" coveredconditionals="18" methods="8" coveredmethods="8"/>
        <line num="16" count="1" type="stmt"/>
        <line num="23" count="12" type="stmt"/>
        <line num="25" count="12" type="stmt"/>
        <line num="26" count="6" type="stmt"/>
        <line num="27" count="6" type="stmt"/>
        <line num="28" count="6" type="stmt"/>
        <line num="29" count="6" type="stmt"/>
        <line num="31" count="13" type="stmt"/>
        <line num="32" count="8" type="cond" truecount="2" falsecount="0"/>
        <line num="33" count="5" type="stmt"/>
        <line num="35" count="3" type="cond" truecount="2" falsecount="0"/>
        <line num="36" count="1" type="stmt"/>
        <line num="38" count="2" type="cond" truecount="2" falsecount="0"/>
        <line num="39" count="1" type="stmt"/>
        <line num="41" count="1" type="stmt"/>
        <line num="44" count="6" type="stmt"/>
        <line num="46" count="0" type="stmt"/>
        <line num="50" count="6" type="stmt"/>
        <line num="54" count="12" type="cond" truecount="2" falsecount="0"/>
        <line num="61" count="12" type="stmt"/>
        <line num="72" count="1" type="stmt"/>
        <line num="79" count="1" type="stmt"/>
        <line num="99" count="12" type="cond" truecount="2" falsecount="0"/>
        <line num="100" count="4" type="stmt"/>
        <line num="103" count="1" type="stmt"/>
        <line num="111" count="8" type="stmt"/>
        <line num="114" count="1" type="stmt"/>
      </file>
      <file name="SearchBar.tsx" path="C:\Users\tifaa\Documents\Projeto\2025.2-Fuxi-Mobile\components\SearchBar.tsx">
        <metrics statements="2" coveredstatements="2" conditionals="2" coveredconditionals="2" methods="1" coveredmethods="1"/>
        <line num="12" count="5" type="stmt"/>
        <line num="28" count="1" type="stmt"/>
      </file>
      <file name="SegmentedControl.tsx" path="C:\Users\tifaa\Documents\Projeto\2025.2-Fuxi-Mobile\components\SegmentedControl.tsx">
        <metrics statements="6" coveredstatements="6" conditionals="4" coveredconditionals="4" methods="3" coveredmethods="3"/>
        <line num="12" count="1" type="stmt"/>
        <line num="13" count="3" type="stmt"/>
        <line num="16" count="9" type="stmt"/>
        <line num="17" count="9" type="stmt"/>
        <line num="21" count="1" type="stmt"/>
        <line num="33" count="1" type="stmt"/>
      </file>
      <file name="SimpleAccordion.tsx" path="C:\Users\tifaa\Documents\Projeto\2025.2-Fuxi-Mobile\components\SimpleAccordion.tsx">
        <metrics statements="7" coveredstatements="6" conditionals="6" coveredconditionals="5" methods="2" coveredmethods="2"/>
        <line num="6" count="1" type="cond" truecount="1" falsecount="1"/>
        <line num="7" count="0" type="stmt"/>
        <line num="11" count="9" type="stmt"/>
        <line num="14" count="4" type="stmt"/>
        <line num="15" count="4" type="stmt"/>
        <line num="18" count="9" type="stmt"/>
        <line num="39" count="1" type="stmt"/>
      </file>
      <file name="StatusBar.tsx" path="C:\Users\tifaa\Documents\Projeto\2025.2-Fuxi-Mobile\components\StatusBar.tsx">
        <metrics statements="1" coveredstatements="1" conditionals="0" coveredconditionals="0" methods="1" coveredmethods="1"/>
        <line num="5" count="4" type="stmt"/>
      </file>
      <file name="TextAreaInputField.tsx" path="C:\Users\tifaa\Documents\Projeto\2025.2-Fuxi-Mobile\components\TextAreaInputField.tsx">
        <metrics statements="2" coveredstatements="2" conditionals="0" coveredconditionals="0" methods="1" coveredmethods="1"/>
        <line num="9" count="5" type="stmt"/>
        <line num="24" count="1" type="stmt"/>
      </file>
      <file name="TextInputField.tsx" path="C:\Users\tifaa\Documents\Projeto\2025.2-Fuxi-Mobile\components\TextInputField.tsx">
        <metrics statements="2" coveredstatements="2" conditionals="0" coveredconditionals="0" methods="1" coveredmethods="1"/>
        <line num="9" count="8" type="stmt"/>
        <line num="21" count="1" type="stmt"/>
      </file>
      <file name="ViewContainer.tsx" path="C:\Users\tifaa\Documents\Projeto\2025.2-Fuxi-Mobile\components\ViewContainer.tsx">
        <metrics statements="2" coveredstatements="0" conditionals="0" coveredconditionals="0" methods="1" coveredmethods="0"/>
        <line num="9" count="0" type="stmt"/>
        <line num="16" count="0" type="stmt"/>
      </file>
    </package>
    <package name="utils">
      <metrics statements="94" coveredstatements="87" conditionals="58" coveredconditionals="52" methods="8" coveredmethods="8"/>
      <file name="formatCNPJ.ts" path="C:\Users\tifaa\Documents\Projeto\2025.2-Fuxi-Mobile\utils\formatCNPJ.ts">
        <metrics statements="12" coveredstatements="12" conditionals="8" coveredconditionals="8" methods="1" coveredmethods="1"/>
        <line num="5" count="9" type="stmt"/>
        <line num="8" count="9" type="stmt"/>
        <line num="9" count="9" type="cond" truecount="2" falsecount="0"/>
        <line num="10" count="3" type="stmt"/>
        <line num="11" count="6" type="cond" truecount="2" falsecount="0"/>
        <line num="12" count="1" type="stmt"/>
        <line num="13" count="5" type="cond" truecount="2" falsecount="0"/>
        <line num="14" count="1" type="stmt"/>
        <line num="15" count="4" type="cond" truecount="2" falsecount="0"/>
        <line num="16" count="1" type="stmt"/>
        <line num="18" count="3" type="stmt"/>
        <line num="24" count="9" type="stmt"/>
      </file>
      <file name="formatDate.ts" path="C:\Users\tifaa\Documents\Projeto\2025.2-Fuxi-Mobile\utils\formatDate.ts">
        <metrics statements="12" coveredstatements="9" conditionals="10" coveredconditionals="6" methods="2" coveredmethods="2"/>
        <line num="2" count="9" type="cond" truecount="1" falsecount="1"/>
        <line num="6" count="9" type="cond" truecount="1" falsecount="1"/>
        <line num="7" count="0" type="cond" truecount="0" falsecount="2"/>
        <line num="8" count="0" type="stmt"/>
        <line num="9" count="0" type="stmt"/>
        <line num="12" count="9" type="stmt"/>
        <line num="14" count="9" type="stmt"/>
        <line num="17" count="9" type="cond" truecount="2" falsecount="0"/>
        <line num="18" count="7" type="stmt"/>
        <line num="22" count="9" type="cond" truecount="2" falsecount="0"/>
        <line num="23" count="3" type="stmt"/>
        <line num="27" count="9" type="stmt"/>
      </file>
      <file name="validateBirthDate.ts" path="C:\Users\tifaa\Documents\Projeto\2025.2-Fuxi-Mobile\utils\validateBirthDate.ts">
        <metrics statements="26" coveredstatements="24" conditionals="11" coveredconditionals="10" methods="1" coveredmethods="1"/>
        <line num="9" count="5" type="stmt"/>
        <line num="10" count="5" type="stmt"/>
        <line num="11" count="5" type="cond" truecount="2" falsecount="0"/>
        <line num="12" count="1" type="stmt"/>
        <line num="13" count="1" type="stmt"/>
        <line num="16" count="4" type="stmt"/>
        <line num="17" count="4" type="stmt"/>
        <line num="18" count="4" type="stmt"/>
        <line num="21" count="4" type="stmt"/>
        <line num="22" count="4" type="stmt"/>
        <line num="23" count="4" type="stmt"/>
        <line num="27" count="4" type="cond" truecount="2" falsecount="0"/>
        <line num="32" count="1" type="stmt"/>
        <line num="33" count="1" type="stmt"/>
        <line num="37" count="3" type="stmt"/>
        <line num="39" count="3" type="stmt"/>
        <line num="42" count="3" type="cond" truecount="1" falsecount="1"/>
        <line num="43" count="0" type="stmt"/>
        <line num="44" count="0" type="stmt"/>
        <line num="47" count="3" type="stmt"/>
        <line num="48" count="3" type="stmt"/>
        <line num="49" count="3" type="stmt"/>
        <line num="54" count="3" type="cond" truecount="2" falsecount="0"/>
        <line num="55" count="1" type="stmt"/>
        <line num="56" count="1" type="stmt"/>
        <line num="59" count="2" type="stmt"/>
      </file>
      <file name="validateCNPJ.ts" path="C:\Users\tifaa\Documents\Projeto\2025.2-Fuxi-Mobile\utils\validateCNPJ.ts">
        <metrics statements="28" coveredstatements="26" conditionals="14" coveredconditionals="13" methods="2" coveredmethods="2"/>
        <line num="4" count="7" type="cond" truecount="2" falsecount="0"/>
        <line num="5" count="1" type="stmt"/>
        <line num="6" count="1" type="stmt"/>
        <line num="10" count="6" type="stmt"/>
        <line num="12" count="6" type="cond" truecount="2" falsecount="0"/>
        <line num="13" count="2" type="stmt"/>
        <line num="14" count="2" type="stmt"/>
        <line num="18" count="4" type="cond" truecount="2" falsecount="0"/>
        <line num="19" count="1" type="stmt"/>
        <line num="20" count="1" type="stmt"/>
        <line num="24" count="3" type="stmt"/>
        <line num="25" count="6" type="stmt"/>
        <line num="26" count="6" type="stmt"/>
        <line num="27" count="6" type="stmt"/>
        <line num="28" count="75" type="stmt"/>
        <line num="29" count="75" type="cond" truecount="2" falsecount="0"/>
        <line num="31" count="6" type="cond" truecount="2" falsecount="0"/>
        <line num="32" count="6" type="stmt"/>
        <line num="35" count="3" type="stmt"/>
        <line num="37" count="3" type="stmt"/>
        <line num="38" count="3" type="cond" truecount="1" falsecount="1"/>
        <line num="39" count="0" type="stmt"/>
        <line num="40" count="0" type="stmt"/>
        <line num="43" count="3" type="stmt"/>
        <line num="44" count="3" type="cond" truecount="2" falsecount="0"/>
        <line num="45" count="1" type="stmt"/>
        <line num="46" count="1" type="stmt"/>
        <line num="49" count="2" type="stmt"/>
      </file>
      <file name="validateEmail.ts" path="C:\Users\tifaa\Documents\Projeto\2025.2-Fuxi-Mobile\utils\validateEmail.ts">
        <metrics statements="9" coveredstatements="9" conditionals="9" coveredconditionals="9" methods="1" coveredmethods="1"/>
        <line num="4" count="6" type="cond" truecount="4" falsecount="0"/>
        <line num="5" count="1" type="stmt"/>
        <line num="6" count="1" type="stmt"/>
        <line num="9" count="5" type="stmt"/>
        <line num="10" count="5" type="stmt"/>
        <line num="12" count="5" type="cond" truecount="5" falsecount="0"/>
        <line num="13" count="3" type="stmt"/>
        <line num="14" count="3" type="stmt"/>
        <line num="17" count="2" type="stmt"/>
      </file>
      <file name="validatePassword.ts" path="C:\Users\tifaa\Documents\Projeto\2025.2-Fuxi-Mobile\utils\validatePassword.ts">
        <metrics statements="7" coveredstatements="7" conditionals="6" coveredconditionals="6" methods="1" coveredmethods="1"/>
        <line num="4" count="3" type="cond" truecount="4" falsecount="0"/>
        <line num="5" count="1" type="stmt"/>
        <line num="6" count="1" type="stmt"/>
        <line num="9" count="2" type="cond" truecount="2" falsecount="0"/>
        <line num="10" count="1" type="stmt"/>
        <line num="11" count="1" type="stmt"/>
        <line num="14" count="1" type="stmt"/>
      </file>
    </package>
  </project>
</coverage>
