{"C:\\Users\\tifaa\\Documents\\Projeto\\2025.2-Fuxi-Mobile\\components\\AppText.tsx": {"path":"C:\\Users\\tifaa\\Documents\\Projeto\\2025.2-Fuxi-Mobile\\components\\AppText.tsx","statementMap":{"0":{"start":{"line":9,"column":2},"end":{"line":15,"column":4}},"1":{"start":{"line":18,"column":15},"end":{"line":32,"column":2}}},"fnMap":{"0":{"name":"AppText","decl":{"start":{"line":8,"column":16},"end":{"line":8,"column":23}},"loc":{"start":{"line":8,"column":68},"end":{"line":16,"column":1}},"line":8}},"branchMap":{},"s":{"0":17,"1":4},"f":{"0":17},"b":{},"_coverageSchema":"1a1c01bbd47fc00a2c39e90264f33305004495a9","hash":"fd5ee9db107670f8a7d791c19abda7f3cc3bef8a"}
,"C:\\Users\\tifaa\\Documents\\Projeto\\2025.2-Fuxi-Mobile\\components\\DemandCard.tsx": {"path":"C:\\Users\\tifaa\\Documents\\Projeto\\2025.2-Fuxi-Mobile\\components\\DemandCard.tsx","statementMap":{"0":{"start":{"line":16,"column":53},"end":{"line":84,"column":1}},"1":{"start":{"line":17,"column":42},"end":{"line":17,"column":62}},"2":{"start":{"line":19,"column":4},"end":{"line":30,"column":25}},"3":{"start":{"line":20,"column":33},"end":{"line":28,"column":9}},"4":{"start":{"line":21,"column":12},"end":{"line":27,"column":13}},"5":{"start":{"line":22,"column":30},"end":{"line":22,"column":46}},"6":{"start":{"line":23,"column":32},"end":{"line":23,"column":104}},"7":{"start":{"line":23,"column":55},"end":{"line":23,"column":103}},"8":{"start":{"line":24,"column":16},"end":{"line":24,"column":68}},"9":{"start":{"line":26,"column":16},"end":{"line":26,"column":35}},"10":{"start":{"line":29,"column":8},"end":{"line":29,"column":27}},"11":{"start":{"line":33,"column":8},"end":{"line":68,"column":11}},"12":{"start":{"line":44,"column":39},"end":{"line":44,"column":58}},"13":{"start":{"line":51,"column":39},"end":{"line":51,"column":60}},"14":{"start":{"line":71,"column":4},"end":{"line":81,"column":5}},"15":{"start":{"line":72,"column":8},"end":{"line":80,"column":10}},"16":{"start":{"line":75,"column":31},"end":{"line":75,"column":49}},"17":{"start":{"line":83,"column":4},"end":{"line":83,"column":58}},"18":{"start":{"line":86,"column":15},"end":{"line":127,"column":2}}},"fnMap":{"0":{"name":"(anonymous_0)","decl":{"start":{"line":16,"column":53},"end":{"line":16,"column":54}},"loc":{"start":{"line":16,"column":117},"end":{"line":84,"column":1}},"line":16},"1":{"name":"(anonymous_1)","decl":{"start":{"line":19,"column":14},"end":{"line":19,"column":15}},"loc":{"start":{"line":19,"column":20},"end":{"line":30,"column":5}},"line":19},"2":{"name":"(anonymous_2)","decl":{"start":{"line":20,"column":33},"end":{"line":20,"column":34}},"loc":{"start":{"line":20,"column":45},"end":{"line":28,"column":9}},"line":20},"3":{"name":"(anonymous_3)","decl":{"start":{"line":23,"column":43},"end":{"line":23,"column":44}},"loc":{"start":{"line":23,"column":55},"end":{"line":23,"column":103}},"line":23},"4":{"name":"(anonymous_4)","decl":{"start":{"line":44,"column":33},"end":{"line":44,"column":34}},"loc":{"start":{"line":44,"column":39},"end":{"line":44,"column":58}},"line":44},"5":{"name":"(anonymous_5)","decl":{"start":{"line":51,"column":33},"end":{"line":51,"column":34}},"loc":{"start":{"line":51,"column":39},"end":{"line":51,"column":60}},"line":51},"6":{"name":"(anonymous_6)","decl":{"start":{"line":75,"column":25},"end":{"line":75,"column":26}},"loc":{"start":{"line":75,"column":31},"end":{"line":75,"column":49}},"line":75}},"branchMap":{"0":{"loc":{"start":{"line":16,"column":91},"end":{"line":16,"column":110}},"type":"default-arg","locations":[{"start":{"line":16,"column":105},"end":{"line":16,"column":110}}],"line":16},"1":{"loc":{"start":{"line":40,"column":13},"end":{"line":67,"column":13}},"type":"cond-expr","locations":[{"start":{"line":41,"column":16},"end":{"line":56,"column":23}},{"start":{"line":58,"column":16},"end":{"line":66,"column":17}}],"line":40},"2":{"loc":{"start":{"line":58,"column":16},"end":{"line":66,"column":17}},"type":"binary-expr","locations":[{"start":{"line":58,"column":16},"end":{"line":58,"column":23}},{"start":{"line":59,"column":20},"end":{"line":65,"column":22}}],"line":58},"3":{"loc":{"start":{"line":71,"column":4},"end":{"line":81,"column":5}},"type":"if","locations":[{"start":{"line":71,"column":4},"end":{"line":81,"column":5}},{"start":{},"end":{}}],"line":71}},"s":{"0":1,"1":9,"2":9,"3":5,"4":5,"5":5,"6":5,"7":11,"8":5,"9":1,"10":5,"11":9,"12":1,"13":1,"14":9,"15":4,"16":1,"17":5,"18":1},"f":{"0":9,"1":5,"2":5,"3":11,"4":1,"5":1,"6":1},"b":{"0":[7],"1":[2,7],"2":[7,4],"3":[4,5]},"_coverageSchema":"1a1c01bbd47fc00a2c39e90264f33305004495a9","hash":"26cb8ab9a35644aeb8266f36781b2cb74208ce7e"}
,"C:\\Users\\tifaa\\Documents\\Projeto\\2025.2-Fuxi-Mobile\\components\\DropdownSelect.tsx": {"path":"C:\\Users\\tifaa\\Documents\\Projeto\\2025.2-Fuxi-Mobile\\components\\DropdownSelect.tsx","statementMap":{"0":{"start":{"line":23,"column":2},"end":{"line":43,"column":4}},"1":{"start":{"line":31,"column":28},"end":{"line":31,"column":48}},"2":{"start":{"line":39,"column":31},"end":{"line":39,"column":35}},"3":{"start":{"line":46,"column":15},"end":{"line":78,"column":2}}},"fnMap":{"0":{"name":"DropdownSelect","decl":{"start":{"line":17,"column":16},"end":{"line":17,"column":30}},"loc":{"start":{"line":22,"column":24},"end":{"line":44,"column":1}},"line":22},"1":{"name":"(anonymous_1)","decl":{"start":{"line":31,"column":18},"end":{"line":31,"column":19}},"loc":{"start":{"line":31,"column":28},"end":{"line":31,"column":48}},"line":31},"2":{"name":"(anonymous_2)","decl":{"start":{"line":39,"column":25},"end":{"line":39,"column":26}},"loc":{"start":{"line":39,"column":31},"end":{"line":39,"column":35}},"line":39}},"branchMap":{"0":{"loc":{"start":{"line":21,"column":2},"end":{"line":21,"column":37}},"type":"default-arg","locations":[{"start":{"line":21,"column":16},"end":{"line":21,"column":37}}],"line":21}},"s":{"0":5,"1":1,"2":10,"3":1},"f":{"0":5,"1":1,"2":10},"b":{"0":[3]},"_coverageSchema":"1a1c01bbd47fc00a2c39e90264f33305004495a9","hash":"a2e0adaef2406511932bf22f96bed362928cf090"}
,"C:\\Users\\tifaa\\Documents\\Projeto\\2025.2-Fuxi-Mobile\\components\\InputContainer.tsx": {"path":"C:\\Users\\tifaa\\Documents\\Projeto\\2025.2-Fuxi-Mobile\\components\\InputContainer.tsx","statementMap":{"0":{"start":{"line":11,"column":4},"end":{"line":16,"column":5}},"1":{"start":{"line":20,"column":15},"end":{"line":28,"column":2}}},"fnMap":{"0":{"name":"InputContainer","decl":{"start":{"line":10,"column":16},"end":{"line":10,"column":30}},"loc":{"start":{"line":10,"column":87},"end":{"line":17,"column":1}},"line":10}},"branchMap":{"0":{"loc":{"start":{"line":13,"column":11},"end":{"line":13,"column":67}},"type":"binary-expr","locations":[{"start":{"line":13,"column":11},"end":{"line":13,"column":16}},{"start":{"line":13,"column":20},"end":{"line":13,"column":67}}],"line":13}},"s":{"0":5,"1":1},"f":{"0":5},"b":{"0":[5,4]},"_coverageSchema":"1a1c01bbd47fc00a2c39e90264f33305004495a9","hash":"f0435ea27ee9cee19842fa60781c1fc8d88cb01d"}
,"C:\\Users\\tifaa\\Documents\\Projeto\\2025.2-Fuxi-Mobile\\components\\MemberCard.tsx": {"path":"C:\\Users\\tifaa\\Documents\\Projeto\\2025.2-Fuxi-Mobile\\components\\MemberCard.tsx","statementMap":{"0":{"start":{"line":15,"column":2},"end":{"line":22,"column":4}},"1":{"start":{"line":25,"column":15},"end":{"line":52,"column":2}}},"fnMap":{"0":{"name":"MemberCard","decl":{"start":{"line":11,"column":16},"end":{"line":11,"column":26}},"loc":{"start":{"line":14,"column":20},"end":{"line":23,"column":1}},"line":14}},"branchMap":{},"s":{"0":2,"1":1},"f":{"0":2},"b":{},"_coverageSchema":"1a1c01bbd47fc00a2c39e90264f33305004495a9","hash":"d3f4036bf0cab50dbc78266dd2a22f493e49f812"}
,"C:\\Users\\tifaa\\Documents\\Projeto\\2025.2-Fuxi-Mobile\\components\\NavBar.tsx": {"path":"C:\\Users\\tifaa\\Documents\\Projeto\\2025.2-Fuxi-Mobile\\components\\NavBar.tsx","statementMap":{"0":{"start":{"line":10,"column":34},"end":{"line":10,"column":63}},"1":{"start":{"line":13,"column":2},"end":{"line":19,"column":9}},"2":{"start":{"line":14,"column":26},"end":{"line":17,"column":5}},"3":{"start":{"line":15,"column":19},"end":{"line":15,"column":57}},"4":{"start":{"line":16,"column":6},"end":{"line":16,"column":24}},"5":{"start":{"line":18,"column":4},"end":{"line":18,"column":20}},"6":{"start":{"line":21,"column":13},"end":{"line":52,"column":5}},"7":{"start":{"line":22,"column":28},"end":{"line":22,"column":88}},"8":{"start":{"line":23,"column":33},"end":{"line":23,"column":93}},"9":{"start":{"line":25,"column":8},"end":{"line":35,"column":10}},"10":{"start":{"line":38,"column":8},"end":{"line":48,"column":10}},"11":{"start":{"line":50,"column":30},"end":{"line":50,"column":92}},"12":{"start":{"line":51,"column":31},"end":{"line":51,"column":91}},"13":{"start":{"line":54,"column":26},"end":{"line":88,"column":6}},"14":{"start":{"line":55,"column":26},"end":{"line":55,"column":48}},"15":{"start":{"line":56,"column":19},"end":{"line":56,"column":61}},"16":{"start":{"line":58,"column":6},"end":{"line":60,"column":7}},"17":{"start":{"line":59,"column":8},"end":{"line":59,"column":21}},"18":{"start":{"line":62,"column":6},"end":{"line":85,"column":7}},"19":{"start":{"line":64,"column":10},"end":{"line":66,"column":11}},"20":{"start":{"line":65,"column":12},"end":{"line":65,"column":25}},"21":{"start":{"line":67,"column":10},"end":{"line":67,"column":16}},"22":{"start":{"line":69,"column":10},"end":{"line":71,"column":11}},"23":{"start":{"line":70,"column":12},"end":{"line":70,"column":25}},"24":{"start":{"line":72,"column":10},"end":{"line":72,"column":16}},"25":{"start":{"line":75,"column":10},"end":{"line":77,"column":11}},"26":{"start":{"line":76,"column":12},"end":{"line":76,"column":25}},"27":{"start":{"line":78,"column":10},"end":{"line":78,"column":16}},"28":{"start":{"line":81,"column":10},"end":{"line":83,"column":11}},"29":{"start":{"line":82,"column":12},"end":{"line":82,"column":25}},"30":{"start":{"line":84,"column":10},"end":{"line":84,"column":16}},"31":{"start":{"line":87,"column":6},"end":{"line":87,"column":18}},"32":{"start":{"line":91,"column":25},"end":{"line":91,"column":101}},"33":{"start":{"line":92,"column":4},"end":{"line":96,"column":7}},"34":{"start":{"line":93,"column":20},"end":{"line":93,"column":40}},"35":{"start":{"line":94,"column":20},"end":{"line":94,"column":40}},"36":{"start":{"line":95,"column":6},"end":{"line":95,"column":71}},"37":{"start":{"line":101,"column":2},"end":{"line":154,"column":4}},"38":{"start":{"line":106,"column":28},"end":{"line":106,"column":50}},"39":{"start":{"line":109,"column":26},"end":{"line":109,"column":69}},"40":{"start":{"line":111,"column":24},"end":{"line":121,"column":9}},"41":{"start":{"line":112,"column":24},"end":{"line":116,"column":12}},"42":{"start":{"line":118,"column":10},"end":{"line":120,"column":11}},"43":{"start":{"line":119,"column":12},"end":{"line":119,"column":58}},"44":{"start":{"line":124,"column":28},"end":{"line":129,"column":9}},"45":{"start":{"line":125,"column":10},"end":{"line":128,"column":13}},"46":{"start":{"line":131,"column":25},"end":{"line":131,"column":49}},"47":{"start":{"line":133,"column":10},"end":{"line":136,"column":12}},"48":{"start":{"line":135,"column":12},"end":{"line":135,"column":76}},"49":{"start":{"line":138,"column":8},"end":{"line":151,"column":10}},"50":{"start":{"line":158,"column":15},"end":{"line":185,"column":2}}},"fnMap":{"0":{"name":"NavBar","decl":{"start":{"line":9,"column":16},"end":{"line":9,"column":22}},"loc":{"start":{"line":9,"column":78},"end":{"line":155,"column":1}},"line":9},"1":{"name":"(anonymous_1)","decl":{"start":{"line":13,"column":12},"end":{"line":13,"column":13}},"loc":{"start":{"line":13,"column":18},"end":{"line":19,"column":3}},"line":13},"2":{"name":"(anonymous_2)","decl":{"start":{"line":14,"column":26},"end":{"line":14,"column":27}},"loc":{"start":{"line":14,"column":38},"end":{"line":17,"column":5}},"line":14},"3":{"name":"(anonymous_3)","decl":{"start":{"line":22,"column":12},"end":{"line":22,"column":13}},"loc":{"start":{"line":22,"column":28},"end":{"line":22,"column":88}},"line":22},"4":{"name":"(anonymous_4)","decl":{"start":{"line":23,"column":17},"end":{"line":23,"column":18}},"loc":{"start":{"line":23,"column":33},"end":{"line":23,"column":93}},"line":23},"5":{"name":"(anonymous_5)","decl":{"start":{"line":24,"column":24},"end":{"line":24,"column":25}},"loc":{"start":{"line":25,"column":8},"end":{"line":35,"column":10}},"line":25},"6":{"name":"(anonymous_6)","decl":{"start":{"line":37,"column":23},"end":{"line":37,"column":24}},"loc":{"start":{"line":38,"column":8},"end":{"line":48,"column":10}},"line":38},"7":{"name":"(anonymous_7)","decl":{"start":{"line":50,"column":14},"end":{"line":50,"column":15}},"loc":{"start":{"line":50,"column":30},"end":{"line":50,"column":92}},"line":50},"8":{"name":"(anonymous_8)","decl":{"start":{"line":51,"column":15},"end":{"line":51,"column":16}},"loc":{"start":{"line":51,"column":31},"end":{"line":51,"column":91}},"line":51},"9":{"name":"(anonymous_9)","decl":{"start":{"line":54,"column":46},"end":{"line":54,"column":47}},"loc":{"start":{"line":54,"column":57},"end":{"line":88,"column":5}},"line":54},"10":{"name":"(anonymous_10)","decl":{"start":{"line":92,"column":23},"end":{"line":92,"column":24}},"loc":{"start":{"line":92,"column":33},"end":{"line":96,"column":5}},"line":92},"11":{"name":"(anonymous_11)","decl":{"start":{"line":105,"column":24},"end":{"line":105,"column":25}},"loc":{"start":{"line":105,"column":42},"end":{"line":152,"column":7}},"line":105},"12":{"name":"(anonymous_12)","decl":{"start":{"line":111,"column":24},"end":{"line":111,"column":25}},"loc":{"start":{"line":111,"column":30},"end":{"line":121,"column":9}},"line":111},"13":{"name":"(anonymous_13)","decl":{"start":{"line":124,"column":28},"end":{"line":124,"column":29}},"loc":{"start":{"line":124,"column":34},"end":{"line":129,"column":9}},"line":124},"14":{"name":"(anonymous_14)","decl":{"start":{"line":134,"column":11},"end":{"line":134,"column":12}},"loc":{"start":{"line":135,"column":12},"end":{"line":135,"column":76}},"line":135}},"branchMap":{"0":{"loc":{"start":{"line":58,"column":6},"end":{"line":60,"column":7}},"type":"if","locations":[{"start":{"line":58,"column":6},"end":{"line":60,"column":7}},{"start":{},"end":{}}],"line":58},"1":{"loc":{"start":{"line":62,"column":6},"end":{"line":85,"column":7}},"type":"switch","locations":[{"start":{"line":63,"column":8},"end":{"line":67,"column":16}},{"start":{"line":68,"column":8},"end":{"line":72,"column":16}},{"start":{"line":74,"column":8},"end":{"line":78,"column":16}},{"start":{"line":80,"column":8},"end":{"line":84,"column":16}}],"line":62},"2":{"loc":{"start":{"line":64,"column":10},"end":{"line":66,"column":11}},"type":"if","locations":[{"start":{"line":64,"column":10},"end":{"line":66,"column":11}},{"start":{},"end":{}}],"line":64},"3":{"loc":{"start":{"line":69,"column":10},"end":{"line":71,"column":11}},"type":"if","locations":[{"start":{"line":69,"column":10},"end":{"line":71,"column":11}},{"start":{},"end":{}}],"line":69},"4":{"loc":{"start":{"line":75,"column":10},"end":{"line":77,"column":11}},"type":"if","locations":[{"start":{"line":75,"column":10},"end":{"line":77,"column":11}},{"start":{},"end":{}}],"line":75},"5":{"loc":{"start":{"line":75,"column":14},"end":{"line":75,"column":95}},"type":"binary-expr","locations":[{"start":{"line":75,"column":14},"end":{"line":75,"column":53}},{"start":{"line":75,"column":57},"end":{"line":75,"column":95}}],"line":75},"6":{"loc":{"start":{"line":81,"column":10},"end":{"line":83,"column":11}},"type":"if","locations":[{"start":{"line":81,"column":10},"end":{"line":83,"column":11}},{"start":{},"end":{}}],"line":81},"7":{"loc":{"start":{"line":81,"column":14},"end":{"line":81,"column":133}},"type":"binary-expr","locations":[{"start":{"line":81,"column":14},"end":{"line":81,"column":53}},{"start":{"line":81,"column":57},"end":{"line":81,"column":95}},{"start":{"line":81,"column":99},"end":{"line":81,"column":133}}],"line":81},"8":{"loc":{"start":{"line":118,"column":10},"end":{"line":120,"column":11}},"type":"if","locations":[{"start":{"line":118,"column":10},"end":{"line":120,"column":11}},{"start":{},"end":{}}],"line":118},"9":{"loc":{"start":{"line":118,"column":14},"end":{"line":118,"column":51}},"type":"binary-expr","locations":[{"start":{"line":118,"column":14},"end":{"line":118,"column":24}},{"start":{"line":118,"column":28},"end":{"line":118,"column":51}}],"line":118},"10":{"loc":{"start":{"line":133,"column":10},"end":{"line":136,"column":12}},"type":"binary-expr","locations":[{"start":{"line":133,"column":10},"end":{"line":133,"column":45}},{"start":{"line":134,"column":11},"end":{"line":136,"column":11}}],"line":133},"11":{"loc":{"start":{"line":142,"column":32},"end":{"line":142,"column":67}},"type":"cond-expr","locations":[{"start":{"line":142,"column":44},"end":{"line":142,"column":62}},{"start":{"line":142,"column":65},"end":{"line":142,"column":67}}],"line":142},"12":{"loc":{"start":{"line":149,"column":33},"end":{"line":149,"column":73}},"type":"cond-expr","locations":[{"start":{"line":149,"column":45},"end":{"line":149,"column":59}},{"start":{"line":149,"column":62},"end":{"line":149,"column":73}}],"line":149}},"s":{"0":31,"1":31,"2":16,"3":16,"4":16,"5":16,"6":31,"7":23,"8":1,"9":1,"10":1,"11":14,"12":19,"13":31,"14":76,"15":76,"16":76,"17":2,"18":74,"19":4,"20":1,"21":3,"22":27,"23":1,"24":26,"25":4,"26":2,"27":2,"28":39,"29":9,"30":30,"31":61,"32":31,"33":31,"34":33,"35":33,"36":33,"37":31,"38":61,"39":61,"40":61,"41":3,"42":3,"43":2,"44":61,"45":1,"46":61,"47":61,"48":2,"49":61,"50":1},"f":{"0":31,"1":16,"2":16,"3":23,"4":1,"5":1,"6":1,"7":14,"8":19,"9":76,"10":33,"11":61,"12":3,"13":1,"14":2},"b":{"0":[2,74],"1":[4,27,4,39],"2":[1,3],"3":[1,26],"4":[2,2],"5":[4,3],"6":[9,30],"7":[39,35,32],"8":[2,1],"9":[3,2],"10":[61,2],"11":[28,33],"12":[28,33]},"_coverageSchema":"1a1c01bbd47fc00a2c39e90264f33305004495a9","hash":"61613a03658e36875e3dc4503d3e588e9dabef17"}
,"C:\\Users\\tifaa\\Documents\\Projeto\\2025.2-Fuxi-Mobile\\components\\PasswordInputField.tsx": {"path":"C:\\Users\\tifaa\\Documents\\Projeto\\2025.2-Fuxi-Mobile\\components\\PasswordInputField.tsx","statementMap":{"0":{"start":{"line":17,"column":44},"end":{"line":17,"column":59}},"1":{"start":{"line":19,"column":4},"end":{"line":40,"column":6}},"2":{"start":{"line":30,"column":31},"end":{"line":30,"column":61}},"3":{"start":{"line":43,"column":15},"end":{"line":54,"column":2}}},"fnMap":{"0":{"name":"PasswordInputField","decl":{"start":{"line":11,"column":20},"end":{"line":11,"column":38}},"loc":{"start":{"line":16,"column":28},"end":{"line":41,"column":1}},"line":16},"1":{"name":"(anonymous_1)","decl":{"start":{"line":30,"column":25},"end":{"line":30,"column":26}},"loc":{"start":{"line":30,"column":31},"end":{"line":30,"column":61}},"line":30}},"branchMap":{"0":{"loc":{"start":{"line":12,"column":4},"end":{"line":12,"column":39}},"type":"default-arg","locations":[{"start":{"line":12,"column":18},"end":{"line":12,"column":39}}],"line":12},"1":{"loc":{"start":{"line":34,"column":26},"end":{"line":34,"column":58}},"type":"cond-expr","locations":[{"start":{"line":34,"column":41},"end":{"line":34,"column":50}},{"start":{"line":34,"column":53},"end":{"line":34,"column":58}}],"line":34}},"s":{"0":8,"1":8,"2":2,"3":1},"f":{"0":8,"1":2},"b":{"0":[7],"1":[1,7]},"_coverageSchema":"1a1c01bbd47fc00a2c39e90264f33305004495a9","hash":"a0323453863f1678364079a7cac1d562389b003f"}
,"C:\\Users\\tifaa\\Documents\\Projeto\\2025.2-Fuxi-Mobile\\components\\PrimaryButton.tsx": {"path":"C:\\Users\\tifaa\\Documents\\Projeto\\2025.2-Fuxi-Mobile\\components\\PrimaryButton.tsx","statementMap":{"0":{"start":{"line":14,"column":18},"end":{"line":14,"column":119}},"1":{"start":{"line":17,"column":21},"end":{"line":17,"column":34}},"2":{"start":{"line":19,"column":22},"end":{"line":19,"column":84}},"3":{"start":{"line":21,"column":4},"end":{"line":25,"column":5}},"4":{"start":{"line":28,"column":15},"end":{"line":42,"column":2}}},"fnMap":{"0":{"name":"PrimaryButton","decl":{"start":{"line":16,"column":16},"end":{"line":16,"column":29}},"loc":{"start":{"line":16,"column":111},"end":{"line":26,"column":1}},"line":16}},"branchMap":{"0":{"loc":{"start":{"line":16,"column":49},"end":{"line":16,"column":71}},"type":"default-arg","locations":[{"start":{"line":16,"column":57},"end":{"line":16,"column":71}}],"line":16},"1":{"loc":{"start":{"line":19,"column":22},"end":{"line":19,"column":84}},"type":"cond-expr","locations":[{"start":{"line":19,"column":55},"end":{"line":19,"column":72}},{"start":{"line":19,"column":75},"end":{"line":19,"column":84}}],"line":19}},"s":{"0":1,"1":6,"2":6,"3":6,"4":1},"f":{"0":6},"b":{"0":[5],"1":[1,5]},"_coverageSchema":"1a1c01bbd47fc00a2c39e90264f33305004495a9","hash":"9633ae972437949f7ba76f9bbb1bf51b75a7222b"}
,"C:\\Users\\tifaa\\Documents\\Projeto\\2025.2-Fuxi-Mobile\\components\\ProfileActionCard.tsx": {"path":"C:\\Users\\tifaa\\Documents\\Projeto\\2025.2-Fuxi-Mobile\\components\\ProfileActionCard.tsx","statementMap":{"0":{"start":{"line":17,"column":2},"end":{"line":28,"column":4}},"1":{"start":{"line":31,"column":15},"end":{"line":64,"column":2}}},"fnMap":{"0":{"name":"ProfileActionCard","decl":{"start":{"line":12,"column":16},"end":{"line":12,"column":33}},"loc":{"start":{"line":16,"column":27},"end":{"line":29,"column":1}},"line":16}},"branchMap":{"0":{"loc":{"start":{"line":21,"column":9},"end":{"line":23,"column":9}},"type":"binary-expr","locations":[{"start":{"line":21,"column":9},"end":{"line":21,"column":20}},{"start":{"line":22,"column":10},"end":{"line":22,"column":69}}],"line":21}},"s":{"0":5,"1":1},"f":{"0":5},"b":{"0":[5,1]},"_coverageSchema":"1a1c01bbd47fc00a2c39e90264f33305004495a9","hash":"77613bebf90a92661ebc92c4794e0b6a339348fa"}
,"C:\\Users\\tifaa\\Documents\\Projeto\\2025.2-Fuxi-Mobile\\components\\ResearchCard.tsx": {"path":"C:\\Users\\tifaa\\Documents\\Projeto\\2025.2-Fuxi-Mobile\\components\\ResearchCard.tsx","statementMap":{"0":{"start":{"line":16,"column":57},"end":{"line":112,"column":1}},"1":{"start":{"line":23,"column":40},"end":{"line":23,"column":62}},"2":{"start":{"line":25,"column":2},"end":{"line":51,"column":25}},"3":{"start":{"line":26,"column":29},"end":{"line":48,"column":5}},"4":{"start":{"line":27,"column":6},"end":{"line":47,"column":7}},"5":{"start":{"line":28,"column":22},"end":{"line":28,"column":38}},"6":{"start":{"line":29,"column":22},"end":{"line":43,"column":26}},"7":{"start":{"line":31,"column":25},"end":{"line":31,"column":74}},"8":{"start":{"line":31,"column":48},"end":{"line":31,"column":73}},"9":{"start":{"line":32,"column":12},"end":{"line":34,"column":13}},"10":{"start":{"line":33,"column":14},"end":{"line":33,"column":95}},"11":{"start":{"line":35,"column":12},"end":{"line":37,"column":13}},"12":{"start":{"line":36,"column":14},"end":{"line":36,"column":99}},"13":{"start":{"line":38,"column":12},"end":{"line":40,"column":13}},"14":{"start":{"line":39,"column":14},"end":{"line":39,"column":54}},"15":{"start":{"line":41,"column":12},"end":{"line":41,"column":24}},"16":{"start":{"line":44,"column":8},"end":{"line":44,"column":30}},"17":{"start":{"line":46,"column":8},"end":{"line":46,"column":27}},"18":{"start":{"line":50,"column":4},"end":{"line":50,"column":23}},"19":{"start":{"line":54,"column":4},"end":{"line":58,"column":23}},"20":{"start":{"line":61,"column":4},"end":{"line":96,"column":7}},"21":{"start":{"line":72,"column":27},"end":{"line":72,"column":48}},"22":{"start":{"line":79,"column":27},"end":{"line":79,"column":50}},"23":{"start":{"line":99,"column":2},"end":{"line":109,"column":3}},"24":{"start":{"line":100,"column":4},"end":{"line":108,"column":6}},"25":{"start":{"line":103,"column":23},"end":{"line":103,"column":43}},"26":{"start":{"line":111,"column":2},"end":{"line":111,"column":56}},"27":{"start":{"line":114,"column":15},"end":{"line":155,"column":2}}},"fnMap":{"0":{"name":"(anonymous_0)","decl":{"start":{"line":16,"column":57},"end":{"line":16,"column":58}},"loc":{"start":{"line":22,"column":6},"end":{"line":112,"column":1}},"line":22},"1":{"name":"(anonymous_1)","decl":{"start":{"line":25,"column":12},"end":{"line":25,"column":13}},"loc":{"start":{"line":25,"column":18},"end":{"line":51,"column":3}},"line":25},"2":{"name":"(anonymous_2)","decl":{"start":{"line":26,"column":29},"end":{"line":26,"column":30}},"loc":{"start":{"line":26,"column":41},"end":{"line":48,"column":5}},"line":26},"3":{"name":"(anonymous_3)","decl":{"start":{"line":30,"column":15},"end":{"line":30,"column":16}},"loc":{"start":{"line":30,"column":37},"end":{"line":42,"column":11}},"line":30},"4":{"name":"(anonymous_4)","decl":{"start":{"line":31,"column":36},"end":{"line":31,"column":37}},"loc":{"start":{"line":31,"column":48},"end":{"line":31,"column":73}},"line":31},"5":{"name":"(anonymous_5)","decl":{"start":{"line":72,"column":21},"end":{"line":72,"column":22}},"loc":{"start":{"line":72,"column":27},"end":{"line":72,"column":48}},"line":72},"6":{"name":"(anonymous_6)","decl":{"start":{"line":79,"column":21},"end":{"line":79,"column":22}},"loc":{"start":{"line":79,"column":27},"end":{"line":79,"column":50}},"line":79},"7":{"name":"(anonymous_7)","decl":{"start":{"line":103,"column":17},"end":{"line":103,"column":18}},"loc":{"start":{"line":103,"column":23},"end":{"line":103,"column":43}},"line":103}},"branchMap":{"0":{"loc":{"start":{"line":21,"column":2},"end":{"line":21,"column":21}},"type":"default-arg","locations":[{"start":{"line":21,"column":16},"end":{"line":21,"column":21}}],"line":21},"1":{"loc":{"start":{"line":32,"column":12},"end":{"line":34,"column":13}},"type":"if","locations":[{"start":{"line":32,"column":12},"end":{"line":34,"column":13}},{"start":{},"end":{}}],"line":32},"2":{"loc":{"start":{"line":35,"column":12},"end":{"line":37,"column":13}},"type":"if","locations":[{"start":{"line":35,"column":12},"end":{"line":37,"column":13}},{"start":{},"end":{}}],"line":35},"3":{"loc":{"start":{"line":38,"column":12},"end":{"line":40,"column":13}},"type":"if","locations":[{"start":{"line":38,"column":12},"end":{"line":40,"column":13}},{"start":{},"end":{}}],"line":38},"4":{"loc":{"start":{"line":54,"column":4},"end":{"line":58,"column":23}},"type":"cond-expr","locations":[{"start":{"line":55,"column":8},"end":{"line":57,"column":37}},{"start":{"line":58,"column":8},"end":{"line":58,"column":23}}],"line":54},"5":{"loc":{"start":{"line":55,"column":8},"end":{"line":57,"column":37}},"type":"cond-expr","locations":[{"start":{"line":56,"column":10},"end":{"line":56,"column":98}},{"start":{"line":57,"column":10},"end":{"line":57,"column":37}}],"line":55},"6":{"loc":{"start":{"line":56,"column":59},"end":{"line":56,"column":96}},"type":"cond-expr","locations":[{"start":{"line":56,"column":84},"end":{"line":56,"column":91}},{"start":{"line":56,"column":94},"end":{"line":56,"column":96}}],"line":56},"7":{"loc":{"start":{"line":68,"column":7},"end":{"line":95,"column":7}},"type":"cond-expr","locations":[{"start":{"line":69,"column":8},"end":{"line":84,"column":15}},{"start":{"line":86,"column":8},"end":{"line":94,"column":9}}],"line":68},"8":{"loc":{"start":{"line":86,"column":8},"end":{"line":94,"column":9}},"type":"binary-expr","locations":[{"start":{"line":86,"column":8},"end":{"line":86,"column":15}},{"start":{"line":87,"column":10},"end":{"line":93,"column":12}}],"line":86},"9":{"loc":{"start":{"line":99,"column":2},"end":{"line":109,"column":3}},"type":"if","locations":[{"start":{"line":99,"column":2},"end":{"line":109,"column":3}},{"start":{},"end":{}}],"line":99}},"s":{"0":1,"1":12,"2":12,"3":6,"4":6,"5":6,"6":6,"7":8,"8":13,"9":8,"10":5,"11":3,"12":1,"13":2,"14":1,"15":1,"16":6,"17":0,"18":6,"19":12,"20":12,"21":1,"22":1,"23":12,"24":4,"25":1,"26":8,"27":1},"f":{"0":12,"1":6,"2":6,"3":8,"4":13,"5":1,"6":1,"7":1},"b":{"0":[10],"1":[5,3],"2":[1,2],"3":[1,1],"4":[5,7],"5":[1,4],"6":[1,0],"7":[2,10],"8":[10,4],"9":[4,8]},"_coverageSchema":"1a1c01bbd47fc00a2c39e90264f33305004495a9","hash":"3f5d23f36d65a91c863c68f4d470b3186e7f0978"}
,"C:\\Users\\tifaa\\Documents\\Projeto\\2025.2-Fuxi-Mobile\\components\\SearchBar.tsx": {"path":"C:\\Users\\tifaa\\Documents\\Projeto\\2025.2-Fuxi-Mobile\\components\\SearchBar.tsx","statementMap":{"0":{"start":{"line":12,"column":2},"end":{"line":25,"column":4}},"1":{"start":{"line":28,"column":15},"end":{"line":47,"column":2}}},"fnMap":{"0":{"name":"SearchBar","decl":{"start":{"line":11,"column":16},"end":{"line":11,"column":25}},"loc":{"start":{"line":11,"column":80},"end":{"line":26,"column":1}},"line":11}},"branchMap":{"0":{"loc":{"start":{"line":18,"column":23},"end":{"line":18,"column":49}},"type":"binary-expr","locations":[{"start":{"line":18,"column":23},"end":{"line":18,"column":34}},{"start":{"line":18,"column":38},"end":{"line":18,"column":49}}],"line":18}},"s":{"0":5,"1":1},"f":{"0":5},"b":{"0":[5,3]},"_coverageSchema":"1a1c01bbd47fc00a2c39e90264f33305004495a9","hash":"cf445b0bbe3b6c3af65e17e05f81a26b3816eefd"}
,"C:\\Users\\tifaa\\Documents\\Projeto\\2025.2-Fuxi-Mobile\\components\\SegmentedControl.tsx": {"path":"C:\\Users\\tifaa\\Documents\\Projeto\\2025.2-Fuxi-Mobile\\components\\SegmentedControl.tsx","statementMap":{"0":{"start":{"line":12,"column":25},"end":{"line":31,"column":1}},"1":{"start":{"line":13,"column":2},"end":{"line":30,"column":4}},"2":{"start":{"line":16,"column":27},"end":{"line":16,"column":46}},"3":{"start":{"line":17,"column":8},"end":{"line":27,"column":10}},"4":{"start":{"line":21,"column":27},"end":{"line":21,"column":43}},"5":{"start":{"line":33,"column":15},"end":{"line":57,"column":2}}},"fnMap":{"0":{"name":"(anonymous_0)","decl":{"start":{"line":12,"column":25},"end":{"line":12,"column":26}},"loc":{"start":{"line":12,"column":84},"end":{"line":31,"column":1}},"line":12},"1":{"name":"(anonymous_1)","decl":{"start":{"line":15,"column":19},"end":{"line":15,"column":20}},"loc":{"start":{"line":15,"column":38},"end":{"line":28,"column":7}},"line":15},"2":{"name":"(anonymous_2)","decl":{"start":{"line":21,"column":21},"end":{"line":21,"column":22}},"loc":{"start":{"line":21,"column":27},"end":{"line":21,"column":43}},"line":21}},"branchMap":{"0":{"loc":{"start":{"line":20,"column":35},"end":{"line":20,"column":70}},"type":"binary-expr","locations":[{"start":{"line":20,"column":35},"end":{"line":20,"column":45}},{"start":{"line":20,"column":49},"end":{"line":20,"column":70}}],"line":20},"1":{"loc":{"start":{"line":23,"column":39},"end":{"line":23,"column":72}},"type":"binary-expr","locations":[{"start":{"line":23,"column":39},"end":{"line":23,"column":49}},{"start":{"line":23,"column":53},"end":{"line":23,"column":72}}],"line":23}},"s":{"0":1,"1":3,"2":9,"3":9,"4":1,"5":1},"f":{"0":3,"1":9,"2":1},"b":{"0":[9,3],"1":[9,3]},"_coverageSchema":"1a1c01bbd47fc00a2c39e90264f33305004495a9","hash":"bdd36ad674904ecee59a1a3bb740966c82411862"}
,"C:\\Users\\tifaa\\Documents\\Projeto\\2025.2-Fuxi-Mobile\\components\\SimpleAccordion.tsx": {"path":"C:\\Users\\tifaa\\Documents\\Projeto\\2025.2-Fuxi-Mobile\\components\\SimpleAccordion.tsx","statementMap":{"0":{"start":{"line":6,"column":0},"end":{"line":8,"column":1}},"1":{"start":{"line":7,"column":2},"end":{"line":7,"column":58}},"2":{"start":{"line":11,"column":26},"end":{"line":11,"column":41}},"3":{"start":{"line":14,"column":4},"end":{"line":14,"column":73}},"4":{"start":{"line":15,"column":4},"end":{"line":15,"column":19}},"5":{"start":{"line":18,"column":2},"end":{"line":36,"column":4}},"6":{"start":{"line":39,"column":15},"end":{"line":69,"column":2}}},"fnMap":{"0":{"name":"SimpleAccordion","decl":{"start":{"line":10,"column":16},"end":{"line":10,"column":31}},"loc":{"start":{"line":10,"column":65},"end":{"line":37,"column":1}},"line":10},"1":{"name":"toggleAccordion","decl":{"start":{"line":13,"column":11},"end":{"line":13,"column":26}},"loc":{"start":{"line":13,"column":29},"end":{"line":16,"column":3}},"line":13}},"branchMap":{"0":{"loc":{"start":{"line":6,"column":0},"end":{"line":8,"column":1}},"type":"if","locations":[{"start":{"line":6,"column":0},"end":{"line":8,"column":1}},{"start":{},"end":{}}],"line":6},"1":{"loc":{"start":{"line":24,"column":16},"end":{"line":24,"column":68}},"type":"cond-expr","locations":[{"start":{"line":24,"column":23},"end":{"line":24,"column":43}},{"start":{"line":24,"column":46},"end":{"line":24,"column":68}}],"line":24},"2":{"loc":{"start":{"line":30,"column":7},"end":{"line":34,"column":7}},"type":"binary-expr","locations":[{"start":{"line":30,"column":7},"end":{"line":30,"column":11}},{"start":{"line":31,"column":8},"end":{"line":33,"column":15}}],"line":30}},"s":{"0":1,"1":0,"2":9,"3":4,"4":4,"5":9,"6":1},"f":{"0":9,"1":4},"b":{"0":[0,1],"1":[3,6],"2":[9,3]},"_coverageSchema":"1a1c01bbd47fc00a2c39e90264f33305004495a9","hash":"9a87586e613592f107adc44ed36d15c75ad33167"}
,"C:\\Users\\tifaa\\Documents\\Projeto\\2025.2-Fuxi-Mobile\\components\\StatusBar.tsx": {"path":"C:\\Users\\tifaa\\Documents\\Projeto\\2025.2-Fuxi-Mobile\\components\\StatusBar.tsx","statementMap":{"0":{"start":{"line":5,"column":2},"end":{"line":11,"column":4}}},"fnMap":{"0":{"name":"StatusBar","decl":{"start":{"line":4,"column":24},"end":{"line":4,"column":33}},"loc":{"start":{"line":4,"column":36},"end":{"line":12,"column":1}},"line":4}},"branchMap":{},"s":{"0":4},"f":{"0":4},"b":{},"_coverageSchema":"1a1c01bbd47fc00a2c39e90264f33305004495a9","hash":"64ffff43c52e5ac9213e5fb8fa647a9033f900f3"}
,"C:\\Users\\tifaa\\Documents\\Projeto\\2025.2-Fuxi-Mobile\\components\\TextAreaInputField.tsx": {"path":"C:\\Users\\tifaa\\Documents\\Projeto\\2025.2-Fuxi-Mobile\\components\\TextAreaInputField.tsx","statementMap":{"0":{"start":{"line":9,"column":2},"end":{"line":21,"column":4}},"1":{"start":{"line":24,"column":15},"end":{"line":42,"column":2}}},"fnMap":{"0":{"name":"TextAreaInputField","decl":{"start":{"line":8,"column":16},"end":{"line":8,"column":34}},"loc":{"start":{"line":8,"column":82},"end":{"line":22,"column":1}},"line":8}},"branchMap":{},"s":{"0":5,"1":1},"f":{"0":5},"b":{},"_coverageSchema":"1a1c01bbd47fc00a2c39e90264f33305004495a9","hash":"3378c962b1952862328491b863d4c8e1bc49602c"}
,"C:\\Users\\tifaa\\Documents\\Projeto\\2025.2-Fuxi-Mobile\\components\\TextInputField.tsx": {"path":"C:\\Users\\tifaa\\Documents\\Projeto\\2025.2-Fuxi-Mobile\\components\\TextInputField.tsx","statementMap":{"0":{"start":{"line":9,"column":2},"end":{"line":18,"column":4}},"1":{"start":{"line":21,"column":15},"end":{"line":40,"column":2}}},"fnMap":{"0":{"name":"TextInputField","decl":{"start":{"line":8,"column":16},"end":{"line":8,"column":30}},"loc":{"start":{"line":8,"column":79},"end":{"line":19,"column":1}},"line":8}},"branchMap":{},"s":{"0":12,"1":2},"f":{"0":12},"b":{},"_coverageSchema":"1a1c01bbd47fc00a2c39e90264f33305004495a9","hash":"8cf7eb409a97447b0e6ea1fbeab8aa14f5689460"}
,"C:\\Users\\tifaa\\Documents\\Projeto\\2025.2-Fuxi-Mobile\\components\\ViewContainer.tsx": {"path":"C:\\Users\\tifaa\\Documents\\Projeto\\2025.2-Fuxi-Mobile\\components\\ViewContainer.tsx","statementMap":{"0":{"start":{"line":9,"column":4},"end":{"line":13,"column":5}},"1":{"start":{"line":16,"column":15},"end":{"line":27,"column":2}}},"fnMap":{"0":{"name":"ViewContainer","decl":{"start":{"line":8,"column":16},"end":{"line":8,"column":29}},"loc":{"start":{"line":8,"column":78},"end":{"line":14,"column":1}},"line":8}},"branchMap":{},"s":{"0":3,"1":1},"f":{"0":3},"b":{},"_coverageSchema":"1a1c01bbd47fc00a2c39e90264f33305004495a9","hash":"f0cba0f2372b6dbb21158bd805629ca484951ade"}
,"C:\\Users\\tifaa\\Documents\\Projeto\\2025.2-Fuxi-Mobile\\utils\\formatCNPJ.ts": {"path":"C:\\Users\\tifaa\\Documents\\Projeto\\2025.2-Fuxi-Mobile\\utils\\formatCNPJ.ts","statementMap":{"0":{"start":{"line":5,"column":18},"end":{"line":5,"column":55}},"1":{"start":{"line":8,"column":18},"end":{"line":8,"column":25}},"2":{"start":{"line":9,"column":2},"end":{"line":22,"column":3}},"3":{"start":{"line":10,"column":4},"end":{"line":10,"column":24}},"4":{"start":{"line":11,"column":9},"end":{"line":22,"column":3}},"5":{"start":{"line":12,"column":4},"end":{"line":12,"column":58}},"6":{"start":{"line":13,"column":9},"end":{"line":22,"column":3}},"7":{"start":{"line":14,"column":4},"end":{"line":14,"column":68}},"8":{"start":{"line":15,"column":9},"end":{"line":22,"column":3}},"9":{"start":{"line":16,"column":4},"end":{"line":16,"column":78}},"10":{"start":{"line":18,"column":4},"end":{"line":21,"column":6}},"11":{"start":{"line":24,"column":2},"end":{"line":24,"column":19}}},"fnMap":{"0":{"name":"formatCNPJ","decl":{"start":{"line":3,"column":16},"end":{"line":3,"column":26}},"loc":{"start":{"line":3,"column":50},"end":{"line":25,"column":1}},"line":3}},"branchMap":{"0":{"loc":{"start":{"line":9,"column":2},"end":{"line":22,"column":3}},"type":"if","locations":[{"start":{"line":9,"column":2},"end":{"line":22,"column":3}},{"start":{"line":11,"column":9},"end":{"line":22,"column":3}}],"line":9},"1":{"loc":{"start":{"line":11,"column":9},"end":{"line":22,"column":3}},"type":"if","locations":[{"start":{"line":11,"column":9},"end":{"line":22,"column":3}},{"start":{"line":13,"column":9},"end":{"line":22,"column":3}}],"line":11},"2":{"loc":{"start":{"line":13,"column":9},"end":{"line":22,"column":3}},"type":"if","locations":[{"start":{"line":13,"column":9},"end":{"line":22,"column":3}},{"start":{"line":15,"column":9},"end":{"line":22,"column":3}}],"line":13},"3":{"loc":{"start":{"line":15,"column":9},"end":{"line":22,"column":3}},"type":"if","locations":[{"start":{"line":15,"column":9},"end":{"line":22,"column":3}},{"start":{"line":17,"column":9},"end":{"line":22,"column":3}}],"line":15}},"s":{"0":9,"1":9,"2":9,"3":3,"4":6,"5":1,"6":5,"7":1,"8":4,"9":1,"10":3,"11":9},"f":{"0":9},"b":{"0":[3,6],"1":[1,5],"2":[1,4],"3":[1,3]},"_coverageSchema":"1a1c01bbd47fc00a2c39e90264f33305004495a9","hash":"d6c1f76d5fa1b79e863c68d99f49d4c8252769d6"}
,"C:\\Users\\tifaa\\Documents\\Projeto\\2025.2-Fuxi-Mobile\\utils\\formatDate.ts": {"path":"C:\\Users\\tifaa\\Documents\\Projeto\\2025.2-Fuxi-Mobile\\utils\\formatDate.ts","statementMap":{"0":{"start":{"line":2,"column":2},"end":{"line":2,"column":72}},"1":{"start":{"line":6,"column":2},"end":{"line":10,"column":3}},"2":{"start":{"line":7,"column":4},"end":{"line":7,"column":26}},"3":{"start":{"line":7,"column":16},"end":{"line":7,"column":26}},"4":{"start":{"line":8,"column":31},"end":{"line":8,"column":47}},"5":{"start":{"line":9,"column":4},"end":{"line":9,"column":37}},"6":{"start":{"line":12,"column":18},"end":{"line":12,"column":42}},"7":{"start":{"line":14,"column":18},"end":{"line":14,"column":25}},"8":{"start":{"line":17,"column":2},"end":{"line":19,"column":3}},"9":{"start":{"line":18,"column":4},"end":{"line":18,"column":61}},"10":{"start":{"line":22,"column":2},"end":{"line":24,"column":3}},"11":{"start":{"line":23,"column":4},"end":{"line":23,"column":66}},"12":{"start":{"line":27,"column":2},"end":{"line":27,"column":32}}},"fnMap":{"0":{"name":"isIsoDate","decl":{"start":{"line":1,"column":9},"end":{"line":1,"column":18}},"loc":{"start":{"line":1,"column":39},"end":{"line":3,"column":1}},"line":1},"1":{"name":"formatDate","decl":{"start":{"line":5,"column":16},"end":{"line":5,"column":26}},"loc":{"start":{"line":5,"column":50},"end":{"line":28,"column":1}},"line":5}},"branchMap":{"0":{"loc":{"start":{"line":2,"column":9},"end":{"line":2,"column":71}},"type":"binary-expr","locations":[{"start":{"line":2,"column":9},"end":{"line":2,"column":33}},{"start":{"line":2,"column":37},"end":{"line":2,"column":71}}],"line":2},"1":{"loc":{"start":{"line":6,"column":2},"end":{"line":10,"column":3}},"type":"if","locations":[{"start":{"line":6,"column":2},"end":{"line":10,"column":3}},{"start":{},"end":{}}],"line":6},"2":{"loc":{"start":{"line":7,"column":4},"end":{"line":7,"column":26}},"type":"if","locations":[{"start":{"line":7,"column":4},"end":{"line":7,"column":26}},{"start":{},"end":{}}],"line":7},"3":{"loc":{"start":{"line":17,"column":2},"end":{"line":19,"column":3}},"type":"if","locations":[{"start":{"line":17,"column":2},"end":{"line":19,"column":3}},{"start":{},"end":{}}],"line":17},"4":{"loc":{"start":{"line":22,"column":2},"end":{"line":24,"column":3}},"type":"if","locations":[{"start":{"line":22,"column":2},"end":{"line":24,"column":3}},{"start":{},"end":{}}],"line":22}},"s":{"0":10,"1":10,"2":1,"3":0,"4":1,"5":1,"6":9,"7":9,"8":9,"9":6,"10":9,"11":4,"12":9},"f":{"0":10,"1":10},"b":{"0":[10,1],"1":[1,9],"2":[0,1],"3":[6,3],"4":[4,5]},"_coverageSchema":"1a1c01bbd47fc00a2c39e90264f33305004495a9","hash":"e06c7e1d0eb9e6f34511f9f6665cee2d8e660f48"}
,"C:\\Users\\tifaa\\Documents\\Projeto\\2025.2-Fuxi-Mobile\\utils\\validateBirthDate.ts": {"path":"C:\\Users\\tifaa\\Documents\\Projeto\\2025.2-Fuxi-Mobile\\utils\\validateBirthDate.ts","statementMap":{"0":{"start":{"line":9,"column":16},"end":{"line":9,"column":45}},"1":{"start":{"line":10,"column":16},"end":{"line":10,"column":36}},"2":{"start":{"line":11,"column":2},"end":{"line":14,"column":3}},"3":{"start":{"line":12,"column":4},"end":{"line":12,"column":63}},"4":{"start":{"line":13,"column":4},"end":{"line":13,"column":17}},"5":{"start":{"line":16,"column":14},"end":{"line":16,"column":32}},"6":{"start":{"line":17,"column":16},"end":{"line":17,"column":38}},"7":{"start":{"line":18,"column":15},"end":{"line":18,"column":33}},"8":{"start":{"line":21,"column":15},"end":{"line":21,"column":26}},"9":{"start":{"line":22,"column":2},"end":{"line":22,"column":40}},"10":{"start":{"line":23,"column":2},"end":{"line":23,"column":31}},"11":{"start":{"line":27,"column":2},"end":{"line":34,"column":3}},"12":{"start":{"line":32,"column":4},"end":{"line":32,"column":72}},"13":{"start":{"line":33,"column":4},"end":{"line":33,"column":17}},"14":{"start":{"line":37,"column":15},"end":{"line":37,"column":25}},"15":{"start":{"line":39,"column":2},"end":{"line":39,"column":31}},"16":{"start":{"line":42,"column":2},"end":{"line":45,"column":3}},"17":{"start":{"line":43,"column":4},"end":{"line":43,"column":81}},"18":{"start":{"line":44,"column":4},"end":{"line":44,"column":17}},"19":{"start":{"line":47,"column":25},"end":{"line":47,"column":35}},"20":{"start":{"line":48,"column":2},"end":{"line":48,"column":99}},"21":{"start":{"line":49,"column":2},"end":{"line":49,"column":41}},"22":{"start":{"line":54,"column":2},"end":{"line":57,"column":3}},"23":{"start":{"line":55,"column":4},"end":{"line":55,"column":74}},"24":{"start":{"line":56,"column":4},"end":{"line":56,"column":17}},"25":{"start":{"line":59,"column":2},"end":{"line":59,"column":14}}},"fnMap":{"0":{"name":"validateBirthDate","decl":{"start":{"line":8,"column":16},"end":{"line":8,"column":33}},"loc":{"start":{"line":8,"column":60},"end":{"line":60,"column":1}},"line":8}},"branchMap":{"0":{"loc":{"start":{"line":11,"column":2},"end":{"line":14,"column":3}},"type":"if","locations":[{"start":{"line":11,"column":2},"end":{"line":14,"column":3}},{"start":{},"end":{}}],"line":11},"1":{"loc":{"start":{"line":27,"column":2},"end":{"line":34,"column":3}},"type":"if","locations":[{"start":{"line":27,"column":2},"end":{"line":34,"column":3}},{"start":{},"end":{}}],"line":27},"2":{"loc":{"start":{"line":28,"column":4},"end":{"line":30,"column":29}},"type":"binary-expr","locations":[{"start":{"line":28,"column":4},"end":{"line":28,"column":34}},{"start":{"line":29,"column":4},"end":{"line":29,"column":32}},{"start":{"line":30,"column":4},"end":{"line":30,"column":29}}],"line":28},"3":{"loc":{"start":{"line":42,"column":2},"end":{"line":45,"column":3}},"type":"if","locations":[{"start":{"line":42,"column":2},"end":{"line":45,"column":3}},{"start":{},"end":{}}],"line":42},"4":{"loc":{"start":{"line":54,"column":2},"end":{"line":57,"column":3}},"type":"if","locations":[{"start":{"line":54,"column":2},"end":{"line":57,"column":3}},{"start":{},"end":{}}],"line":54}},"s":{"0":5,"1":5,"2":5,"3":1,"4":1,"5":4,"6":4,"7":4,"8":4,"9":4,"10":4,"11":4,"12":1,"13":1,"14":3,"15":3,"16":3,"17":0,"18":0,"19":3,"20":3,"21":3,"22":3,"23":1,"24":1,"25":2},"f":{"0":5},"b":{"0":[1,4],"1":[1,3],"2":[4,4,3],"3":[0,3],"4":[1,2]},"_coverageSchema":"1a1c01bbd47fc00a2c39e90264f33305004495a9","hash":"8d622e5dd0c73fe7742629503ec13648193907c1"}
,"C:\\Users\\tifaa\\Documents\\Projeto\\2025.2-Fuxi-Mobile\\utils\\validateCNPJ.ts": {"path":"C:\\Users\\tifaa\\Documents\\Projeto\\2025.2-Fuxi-Mobile\\utils\\validateCNPJ.ts","statementMap":{"0":{"start":{"line":4,"column":2},"end":{"line":7,"column":3}},"1":{"start":{"line":5,"column":4},"end":{"line":5,"column":71}},"2":{"start":{"line":6,"column":4},"end":{"line":6,"column":17}},"3":{"start":{"line":10,"column":18},"end":{"line":10,"column":45}},"4":{"start":{"line":12,"column":2},"end":{"line":15,"column":3}},"5":{"start":{"line":13,"column":4},"end":{"line":13,"column":67}},"6":{"start":{"line":14,"column":4},"end":{"line":14,"column":17}},"7":{"start":{"line":18,"column":2},"end":{"line":21,"column":3}},"8":{"start":{"line":19,"column":4},"end":{"line":19,"column":59}},"9":{"start":{"line":20,"column":4},"end":{"line":20,"column":17}},"10":{"start":{"line":24,"column":25},"end":{"line":33,"column":3}},"11":{"start":{"line":25,"column":14},"end":{"line":25,"column":15}},"12":{"start":{"line":26,"column":14},"end":{"line":26,"column":24}},"13":{"start":{"line":27,"column":4},"end":{"line":30,"column":5}},"14":{"start":{"line":27,"column":17},"end":{"line":27,"column":23}},"15":{"start":{"line":28,"column":6},"end":{"line":28,"column":43}},"16":{"start":{"line":29,"column":6},"end":{"line":29,"column":27}},"17":{"start":{"line":29,"column":19},"end":{"line":29,"column":27}},"18":{"start":{"line":31,"column":19},"end":{"line":31,"column":53}},"19":{"start":{"line":32,"column":4},"end":{"line":32,"column":18}},"20":{"start":{"line":35,"column":20},"end":{"line":35,"column":49}},"21":{"start":{"line":37,"column":17},"end":{"line":37,"column":46}},"22":{"start":{"line":38,"column":2},"end":{"line":41,"column":3}},"23":{"start":{"line":39,"column":4},"end":{"line":39,"column":67}},"24":{"start":{"line":40,"column":4},"end":{"line":40,"column":17}},"25":{"start":{"line":43,"column":17},"end":{"line":43,"column":46}},"26":{"start":{"line":44,"column":2},"end":{"line":47,"column":3}},"27":{"start":{"line":45,"column":4},"end":{"line":45,"column":67}},"28":{"start":{"line":46,"column":4},"end":{"line":46,"column":17}},"29":{"start":{"line":49,"column":2},"end":{"line":49,"column":14}}},"fnMap":{"0":{"name":"validateCNPJ","decl":{"start":{"line":3,"column":16},"end":{"line":3,"column":28}},"loc":{"start":{"line":3,"column":52},"end":{"line":50,"column":1}},"line":3},"1":{"name":"(anonymous_1)","decl":{"start":{"line":24,"column":25},"end":{"line":24,"column":26}},"loc":{"start":{"line":24,"column":66},"end":{"line":33,"column":3}},"line":24}},"branchMap":{"0":{"loc":{"start":{"line":4,"column":2},"end":{"line":7,"column":3}},"type":"if","locations":[{"start":{"line":4,"column":2},"end":{"line":7,"column":3}},{"start":{},"end":{}}],"line":4},"1":{"loc":{"start":{"line":12,"column":2},"end":{"line":15,"column":3}},"type":"if","locations":[{"start":{"line":12,"column":2},"end":{"line":15,"column":3}},{"start":{},"end":{}}],"line":12},"2":{"loc":{"start":{"line":18,"column":2},"end":{"line":21,"column":3}},"type":"if","locations":[{"start":{"line":18,"column":2},"end":{"line":21,"column":3}},{"start":{},"end":{}}],"line":18},"3":{"loc":{"start":{"line":29,"column":6},"end":{"line":29,"column":27}},"type":"if","locations":[{"start":{"line":29,"column":6},"end":{"line":29,"column":27}},{"start":{},"end":{}}],"line":29},"4":{"loc":{"start":{"line":31,"column":19},"end":{"line":31,"column":53}},"type":"cond-expr","locations":[{"start":{"line":31,"column":34},"end":{"line":31,"column":35}},{"start":{"line":31,"column":38},"end":{"line":31,"column":53}}],"line":31},"5":{"loc":{"start":{"line":38,"column":2},"end":{"line":41,"column":3}},"type":"if","locations":[{"start":{"line":38,"column":2},"end":{"line":41,"column":3}},{"start":{},"end":{}}],"line":38},"6":{"loc":{"start":{"line":44,"column":2},"end":{"line":47,"column":3}},"type":"if","locations":[{"start":{"line":44,"column":2},"end":{"line":47,"column":3}},{"start":{},"end":{}}],"line":44}},"s":{"0":7,"1":1,"2":1,"3":6,"4":6,"5":2,"6":2,"7":4,"8":1,"9":1,"10":3,"11":6,"12":6,"13":6,"14":6,"15":75,"16":75,"17":12,"18":6,"19":6,"20":3,"21":3,"22":3,"23":0,"24":0,"25":3,"26":3,"27":1,"28":1,"29":2},"f":{"0":7,"1":6},"b":{"0":[1,6],"1":[2,4],"2":[1,3],"3":[12,63],"4":[3,3],"5":[0,3],"6":[1,2]},"_coverageSchema":"1a1c01bbd47fc00a2c39e90264f33305004495a9","hash":"41dc4687945e299ddde5467d8bc40e41e986086e"}
,"C:\\Users\\tifaa\\Documents\\Projeto\\2025.2-Fuxi-Mobile\\utils\\validateEmail.ts": {"path":"C:\\Users\\tifaa\\Documents\\Projeto\\2025.2-Fuxi-Mobile\\utils\\validateEmail.ts","statementMap":{"0":{"start":{"line":4,"column":2},"end":{"line":7,"column":3}},"1":{"start":{"line":5,"column":4},"end":{"line":5,"column":42}},"2":{"start":{"line":6,"column":4},"end":{"line":6,"column":17}},"3":{"start":{"line":9,"column":18},"end":{"line":9,"column":36}},"4":{"start":{"line":10,"column":19},"end":{"line":10,"column":41}},"5":{"start":{"line":12,"column":2},"end":{"line":15,"column":3}},"6":{"start":{"line":13,"column":4},"end":{"line":13,"column":42}},"7":{"start":{"line":14,"column":4},"end":{"line":14,"column":17}},"8":{"start":{"line":17,"column":2},"end":{"line":17,"column":14}}},"fnMap":{"0":{"name":"validateEmail","decl":{"start":{"line":3,"column":16},"end":{"line":3,"column":29}},"loc":{"start":{"line":3,"column":54},"end":{"line":18,"column":1}},"line":3}},"branchMap":{"0":{"loc":{"start":{"line":4,"column":2},"end":{"line":7,"column":3}},"type":"if","locations":[{"start":{"line":4,"column":2},"end":{"line":7,"column":3}},{"start":{},"end":{}}],"line":4},"1":{"loc":{"start":{"line":4,"column":6},"end":{"line":4,"column":41}},"type":"binary-expr","locations":[{"start":{"line":4,"column":6},"end":{"line":4,"column":12}},{"start":{"line":4,"column":16},"end":{"line":4,"column":41}}],"line":4},"2":{"loc":{"start":{"line":12,"column":2},"end":{"line":15,"column":3}},"type":"if","locations":[{"start":{"line":12,"column":2},"end":{"line":15,"column":3}},{"start":{},"end":{}}],"line":12},"3":{"loc":{"start":{"line":12,"column":6},"end":{"line":12,"column":76}},"type":"binary-expr","locations":[{"start":{"line":12,"column":6},"end":{"line":12,"column":17}},{"start":{"line":12,"column":21},"end":{"line":12,"column":43}},{"start":{"line":12,"column":47},"end":{"line":12,"column":76}}],"line":12}},"s":{"0":6,"1":1,"2":1,"3":5,"4":5,"5":5,"6":3,"7":3,"8":2},"f":{"0":6},"b":{"0":[1,5],"1":[6,5],"2":[3,2],"3":[5,4,3]},"_coverageSchema":"1a1c01bbd47fc00a2c39e90264f33305004495a9","hash":"bdf95947d453bfb8872591f6638daa0212e95d0c"}
,"C:\\Users\\tifaa\\Documents\\Projeto\\2025.2-Fuxi-Mobile\\utils\\validatePassword.ts": {"path":"C:\\Users\\tifaa\\Documents\\Projeto\\2025.2-Fuxi-Mobile\\utils\\validatePassword.ts","statementMap":{"0":{"start":{"line":4,"column":2},"end":{"line":7,"column":3}},"1":{"start":{"line":5,"column":4},"end":{"line":5,"column":76}},"2":{"start":{"line":6,"column":4},"end":{"line":6,"column":17}},"3":{"start":{"line":9,"column":2},"end":{"line":12,"column":3}},"4":{"start":{"line":10,"column":4},"end":{"line":10,"column":79}},"5":{"start":{"line":11,"column":4},"end":{"line":11,"column":17}},"6":{"start":{"line":14,"column":2},"end":{"line":14,"column":14}}},"fnMap":{"0":{"name":"validatePassword","decl":{"start":{"line":3,"column":16},"end":{"line":3,"column":32}},"loc":{"start":{"line":3,"column":60},"end":{"line":15,"column":1}},"line":3}},"branchMap":{"0":{"loc":{"start":{"line":4,"column":2},"end":{"line":7,"column":3}},"type":"if","locations":[{"start":{"line":4,"column":2},"end":{"line":7,"column":3}},{"start":{},"end":{}}],"line":4},"1":{"loc":{"start":{"line":4,"column":6},"end":{"line":4,"column":47}},"type":"binary-expr","locations":[{"start":{"line":4,"column":6},"end":{"line":4,"column":15}},{"start":{"line":4,"column":19},"end":{"line":4,"column":47}}],"line":4},"2":{"loc":{"start":{"line":9,"column":2},"end":{"line":12,"column":3}},"type":"if","locations":[{"start":{"line":9,"column":2},"end":{"line":12,"column":3}},{"start":{},"end":{}}],"line":9}},"s":{"0":3,"1":1,"2":1,"3":2,"4":1,"5":1,"6":1},"f":{"0":3},"b":{"0":[1,2],"1":[3,2],"2":[1,1]},"_coverageSchema":"1a1c01bbd47fc00a2c39e90264f33305004495a9","hash":"6c33c683a0b4cb6f5ea11cc582c370acc06c3fc9"}
}
