{"C:\\Users\\hacke\\OneDrive\\Anexos\\2025.2-Fuxi-Mobile\\components\\PrimaryButton.tsx": {"path":"C:\\Users\\hacke\\OneDrive\\Anexos\\2025.2-Fuxi-Mobile\\components\\PrimaryButton.tsx","statementMap":{"0":{"start":{"line":14,"column":18},"end":{"line":14,"column":119}},"1":{"start":{"line":17,"column":21},"end":{"line":17,"column":34}},"2":{"start":{"line":19,"column":22},"end":{"line":19,"column":84}},"3":{"start":{"line":21,"column":4},"end":{"line":25,"column":5}},"4":{"start":{"line":28,"column":15},"end":{"line":42,"column":2}}},"fnMap":{"0":{"name":"PrimaryButton","decl":{"start":{"line":16,"column":16},"end":{"line":16,"column":29}},"loc":{"start":{"line":16,"column":111},"end":{"line":26,"column":1}},"line":16}},"branchMap":{"0":{"loc":{"start":{"line":16,"column":49},"end":{"line":16,"column":71}},"type":"default-arg","locations":[{"start":{"line":16,"column":57},"end":{"line":16,"column":71}}],"line":16},"1":{"loc":{"start":{"line":19,"column":22},"end":{"line":19,"column":84}},"type":"cond-expr","locations":[{"start":{"line":19,"column":55},"end":{"line":19,"column":72}},{"start":{"line":19,"column":75},"end":{"line":19,"column":84}}],"line":19}},"s":{"0":1,"1":6,"2":6,"3":6,"4":1},"f":{"0":6},"b":{"0":[5],"1":[1,5]},"_coverageSchema":"1a1c01bbd47fc00a2c39e90264f33305004495a9","hash":"daa63268885e4b6f9f66dcb0aa618948a751f27b"}
}
