TN:
SF:components/AppText.tsx
FN:8,AppText
FNF:1
FNH:1
FNDA:13,AppText
DA:9,13
DA:18,3
LF:2
LH:2
BRF:0
BRH:0
end_of_record
TN:
SF:components/DemandCard.tsx
FN:19,(anonymous_0)
FN:22,(anonymous_1)
FN:23,(anonymous_2)
FN:26,(anonymous_3)
FN:46,(anonymous_4)
FN:49,(anonymous_5)
FN:63,(anonymous_6)
FNF:7
FNH:0
FNDA:0,(anonymous_0)
FNDA:0,(anonymous_1)
FNDA:0,(anonymous_2)
FNDA:0,(anonymous_3)
FNDA:0,(anonymous_4)
FNDA:0,(anonymous_5)
FNDA:0,(anonymous_6)
DA:19,0
DA:20,0
DA:22,0
DA:23,0
DA:24,0
DA:25,0
DA:26,0
DA:27,0
DA:29,0
DA:33,0
DA:37,0
DA:46,0
DA:49,0
DA:59,0
DA:60,0
DA:63,0
DA:71,0
DA:74,0
LF:18
LH:0
BRDA:19,0,0,0
BRDA:44,1,0,0
BRDA:44,1,1,0
BRDA:54,2,0,0
BRDA:54,2,1,0
BRDA:59,3,0,0
BRDA:59,3,1,0
BRF:7
BRH:0
end_of_record
TN:
SF:components/DropdownSelect.tsx
FN:17,DropdownSelect
FN:31,(anonymous_1)
FN:39,(anonymous_2)
FNF:3
FNH:2
FNDA:4,DropdownSelect
FNDA:0,(anonymous_1)
FNDA:8,(anonymous_2)
DA:23,4
DA:31,0
DA:39,8
DA:46,1
LF:4
LH:3
BRDA:21,0,0,2
BRF:1
BRH:1
end_of_record
TN:
SF:components/InputContainer.tsx
FN:10,InputContainer
FNF:1
FNH:1
FNDA:5,InputContainer
DA:11,5
DA:20,1
LF:2
LH:2
BRDA:13,0,0,5
BRDA:13,0,1,4
BRF:2
BRH:2
end_of_record
TN:
SF:components/MemberCard.tsx
FN:11,MemberCard
FNF:1
FNH:0
FNDA:0,MemberCard
DA:15,0
DA:25,0
LF:2
LH:0
BRF:0
BRH:0
end_of_record
TN:
SF:components/NavBar.tsx
FN:9,NavBar
FN:13,(anonymous_1)
FN:14,(anonymous_2)
FN:22,(anonymous_3)
FN:23,(anonymous_4)
FN:24,(anonymous_5)
FN:37,(anonymous_6)
FN:50,(anonymous_7)
FN:51,(anonymous_8)
FN:54,(anonymous_9)
FN:92,(anonymous_10)
FN:105,(anonymous_11)
FN:111,(anonymous_12)
FN:124,(anonymous_13)
FN:134,(anonymous_14)
FNF:15
FNH:10
FNDA:10,NavBar
FNDA:5,(anonymous_1)
FNDA:5,(anonymous_2)
FNDA:10,(anonymous_3)
FNDA:0,(anonymous_4)
FNDA:0,(anonymous_5)
FNDA:0,(anonymous_6)
FNDA:10,(anonymous_7)
FNDA:10,(anonymous_8)
FNDA:30,(anonymous_9)
FNDA:20,(anonymous_10)
FNDA:30,(anonymous_11)
FNDA:2,(anonymous_12)
FNDA:0,(anonymous_13)
FNDA:0,(anonymous_14)
DA:10,10
DA:13,10
DA:14,5
DA:15,5
DA:16,5
DA:18,5
DA:21,10
DA:22,10
DA:23,0
DA:25,0
DA:38,0
DA:50,10
DA:51,10
DA:54,10
DA:55,30
DA:56,30
DA:58,30
DA:59,0
DA:62,30
DA:64,0
DA:65,0
DA:67,0
DA:69,15
DA:70,0
DA:72,15
DA:75,0
DA:76,0
DA:78,0
DA:81,15
DA:82,0
DA:84,15
DA:87,30
DA:91,10
DA:92,10
DA:93,20
DA:94,20
DA:95,20
DA:101,10
DA:106,30
DA:109,30
DA:111,30
DA:112,2
DA:118,2
DA:119,1
DA:124,30
DA:125,0
DA:131,30
DA:133,30
DA:135,0
DA:138,30
DA:158,1
LF:51
LH:37
BRDA:58,0,0,0
BRDA:58,0,1,30
BRDA:62,1,0,0
BRDA:62,1,1,15
BRDA:62,1,2,0
BRDA:62,1,3,15
BRDA:64,2,0,0
BRDA:64,2,1,0
BRDA:69,3,0,0
BRDA:69,3,1,15
BRDA:75,4,0,0
BRDA:75,4,1,0
BRDA:75,5,0,0
BRDA:75,5,1,0
BRDA:81,6,0,0
BRDA:81,6,1,15
BRDA:81,7,0,15
BRDA:81,7,1,15
BRDA:81,7,2,15
BRDA:118,8,0,1
BRDA:118,8,1,1
BRDA:118,9,0,2
BRDA:118,9,1,1
BRDA:133,10,0,30
BRDA:133,10,1,0
BRDA:142,11,0,10
BRDA:142,11,1,20
BRDA:149,12,0,10
BRDA:149,12,1,20
BRF:29
BRH:17
end_of_record
TN:
SF:components/PasswordInputField.tsx
FN:11,PasswordInputField
FN:30,(anonymous_1)
FNF:2
FNH:1
FNDA:5,PasswordInputField
FNDA:0,(anonymous_1)
DA:17,5
DA:19,5
DA:30,0
DA:42,1
LF:4
LH:3
BRDA:12,0,0,4
BRDA:33,1,0,0
BRDA:33,1,1,5
BRF:3
BRH:2
end_of_record
TN:
SF:components/PrimaryButton.tsx
FN:16,PrimaryButton
FNF:1
FNH:1
FNDA:5,PrimaryButton
DA:14,1
DA:17,5
DA:19,5
DA:21,5
DA:28,1
LF:5
LH:5
BRDA:16,0,0,4
BRDA:19,1,0,0
BRDA:19,1,1,5
BRF:3
BRH:2
end_of_record
TN:
SF:components/ProfileActionCard.tsx
FN:12,ProfileActionCard
FNF:1
FNH:1
FNDA:5,ProfileActionCard
DA:17,5
DA:31,1
LF:2
LH:2
BRDA:21,0,0,5
BRDA:21,0,1,1
BRF:2
BRH:2
end_of_record
TN:
SF:components/ResearchCard.tsx
FN:18,(anonymous_0)
FN:21,(anonymous_1)
FN:22,(anonymous_2)
FN:26,(anonymous_3)
FN:27,(anonymous_4)
FN:66,(anonymous_5)
FN:69,(anonymous_6)
FN:83,(anonymous_7)
FNF:8
FNH:0
FNDA:0,(anonymous_0)
FNDA:0,(anonymous_1)
FNDA:0,(anonymous_2)
FNDA:0,(anonymous_3)
FNDA:0,(anonymous_4)
FNDA:0,(anonymous_5)
FNDA:0,(anonymous_6)
FNDA:0,(anonymous_7)
DA:18,0
DA:19,0
DA:21,0
DA:22,0
DA:23,0
DA:24,0
DA:25,0
DA:27,0
DA:28,0
DA:29,0
DA:31,0
DA:32,0
DA:34,0
DA:35,0
DA:37,0
DA:40,0
DA:42,0
DA:46,0
DA:50,0
DA:57,0
DA:66,0
DA:69,0
DA:79,0
DA:80,0
DA:83,0
DA:91,0
DA:94,0
LF:27
LH:0
BRDA:18,0,0,0
BRDA:28,1,0,0
BRDA:28,1,1,0
BRDA:31,2,0,0
BRDA:31,2,1,0
BRDA:34,3,0,0
BRDA:34,3,1,0
BRDA:50,4,0,0
BRDA:50,4,1,0
BRDA:51,5,0,0
BRDA:51,5,1,0
BRDA:52,6,0,0
BRDA:52,6,1,0
BRDA:64,7,0,0
BRDA:64,7,1,0
BRDA:74,8,0,0
BRDA:74,8,1,0
BRDA:79,9,0,0
BRDA:79,9,1,0
BRF:19
BRH:0
end_of_record
TN:
SF:components/SearchBar.tsx
FN:11,SearchBar
FNF:1
FNH:0
FNDA:0,SearchBar
DA:12,0
DA:28,0
LF:2
LH:0
BRDA:18,0,0,0
BRDA:18,0,1,0
BRF:2
BRH:0
end_of_record
TN:
SF:components/SegmentedControl.tsx
FN:5,(anonymous_0)
FN:8,(anonymous_1)
FN:14,(anonymous_2)
FNF:3
FNH:0
FNDA:0,(anonymous_0)
FNDA:0,(anonymous_1)
FNDA:0,(anonymous_2)
DA:5,0
DA:6,0
DA:9,0
DA:10,0
DA:14,0
DA:26,0
LF:6
LH:0
BRDA:13,0,0,0
BRDA:13,0,1,0
BRDA:16,1,0,0
BRDA:16,1,1,0
BRF:4
BRH:0
end_of_record
TN:
SF:components/SimpleAccordion.tsx
FN:10,SimpleAccordion
FN:13,toggleAccordion
FNF:2
FNH:0
FNDA:0,SimpleAccordion
FNDA:0,toggleAccordion
DA:6,0
DA:7,0
DA:11,0
DA:14,0
DA:15,0
DA:18,0
DA:39,0
LF:7
LH:0
BRDA:6,0,0,0
BRDA:6,0,1,0
BRDA:24,1,0,0
BRDA:24,1,1,0
BRDA:30,2,0,0
BRDA:30,2,1,0
BRF:6
BRH:0
end_of_record
TN:
SF:components/StatusBar.tsx
FNF:0
FNH:0
DA:4,0
LF:1
LH:0
BRF:0
BRH:0
end_of_record
TN:
SF:components/TextAreaInputField.tsx
FN:8,TextAreaInputField
FNF:1
FNH:0
FNDA:0,TextAreaInputField
DA:9,0
DA:24,0
LF:2
LH:0
BRF:0
BRH:0
end_of_record
TN:
SF:components/TextInputField.tsx
FN:8,TextInputField
FNF:1
FNH:1
FNDA:5,TextInputField
DA:9,5
DA:21,1
LF:2
LH:2
BRF:0
BRH:0
end_of_record
TN:
SF:components/ViewContainer.tsx
FN:8,ViewContainer
FNF:1
FNH:0
FNDA:0,ViewContainer
DA:9,0
DA:16,0
LF:2
LH:0
BRF:0
BRH:0
end_of_record
TN:
SF:utils/formatCNPJ.ts
FN:3,formatCNPJ
FNF:1
FNH:1
FNDA:9,formatCNPJ
DA:5,9
DA:8,9
DA:9,9
DA:10,3
DA:11,6
DA:12,1
DA:13,5
DA:14,1
DA:15,4
DA:16,1
DA:18,3
DA:24,9
LF:12
LH:12
BRDA:9,0,0,3
BRDA:9,0,1,6
BRDA:11,1,0,1
BRDA:11,1,1,5
BRDA:13,2,0,1
BRDA:13,2,1,4
BRDA:15,3,0,1
BRDA:15,3,1,3
BRF:8
BRH:8
end_of_record
TN:
SF:utils/formatDate.ts
FN:1,isIsoDate
FN:5,formatDate
FNF:2
FNH:2
FNDA:9,isIsoDate
FNDA:9,formatDate
DA:2,9
DA:6,9
DA:7,0
DA:8,0
DA:9,0
DA:12,9
DA:14,9
DA:17,9
DA:18,7
DA:22,9
DA:23,3
DA:27,9
LF:12
LH:9
BRDA:2,0,0,9
BRDA:2,0,1,0
BRDA:6,1,0,0
BRDA:6,1,1,9
BRDA:7,2,0,0
BRDA:7,2,1,0
BRDA:17,3,0,7
BRDA:17,3,1,2
BRDA:22,4,0,3
BRDA:22,4,1,6
BRF:10
BRH:6
end_of_record
TN:
SF:utils/validateBirthDate.ts
FN:8,validateBirthDate
FNF:1
FNH:1
FNDA:5,validateBirthDate
DA:9,5
DA:10,5
DA:11,5
DA:12,1
DA:13,1
DA:16,4
DA:17,4
DA:18,4
DA:21,4
DA:22,4
DA:23,4
DA:27,4
DA:32,1
DA:33,1
DA:37,3
DA:39,3
DA:42,3
DA:43,0
DA:44,0
DA:47,3
DA:48,3
DA:49,3
DA:54,3
DA:55,1
DA:56,1
DA:59,2
LF:26
LH:24
BRDA:11,0,0,1
BRDA:11,0,1,4
BRDA:27,1,0,1
BRDA:27,1,1,3
BRDA:28,2,0,4
BRDA:28,2,1,4
BRDA:28,2,2,3
BRDA:42,3,0,0
BRDA:42,3,1,3
BRDA:54,4,0,1
BRDA:54,4,1,2
BRF:11
BRH:10
end_of_record
TN:
SF:utils/validateCNPJ.ts
FN:3,validateCNPJ
FN:24,(anonymous_1)
FNF:2
FNH:2
FNDA:7,validateCNPJ
FNDA:6,(anonymous_1)
DA:4,7
DA:5,1
DA:6,1
DA:10,6
DA:12,6
DA:13,2
DA:14,2
DA:18,4
DA:19,1
DA:20,1
DA:24,3
DA:25,6
DA:26,6
DA:27,6
DA:28,75
DA:29,75
DA:31,6
DA:32,6
DA:35,3
DA:37,3
DA:38,3
DA:39,0
DA:40,0
DA:43,3
DA:44,3
DA:45,1
DA:46,1
DA:49,2
LF:28
LH:26
BRDA:4,0,0,1
BRDA:4,0,1,6
BRDA:12,1,0,2
BRDA:12,1,1,4
BRDA:18,2,0,1
BRDA:18,2,1,3
BRDA:29,3,0,12
BRDA:29,3,1,63
BRDA:31,4,0,3
BRDA:31,4,1,3
BRDA:38,5,0,0
BRDA:38,5,1,3
BRDA:44,6,0,1
BRDA:44,6,1,2
BRF:14
BRH:13
end_of_record
TN:
SF:utils/validateEmail.ts
FN:3,validateEmail
FNF:1
FNH:1
FNDA:6,validateEmail
DA:4,6
DA:5,1
DA:6,1
DA:9,5
DA:10,5
DA:12,5
DA:13,3
DA:14,3
DA:17,2
LF:9
LH:9
BRDA:4,0,0,1
BRDA:4,0,1,5
BRDA:4,1,0,6
BRDA:4,1,1,5
BRDA:12,2,0,3
BRDA:12,2,1,2
BRDA:12,3,0,5
BRDA:12,3,1,4
BRDA:12,3,2,3
BRF:9
BRH:9
end_of_record
TN:
SF:utils/validatePassword.ts
FN:3,validatePassword
FNF:1
FNH:1
FNDA:3,validatePassword
DA:4,3
DA:5,1
DA:6,1
DA:9,2
DA:10,1
DA:11,1
DA:14,1
LF:7
LH:7
BRDA:4,0,0,1
BRDA:4,0,1,2
BRDA:4,1,0,3
BRDA:4,1,1,2
BRDA:9,2,0,1
BRDA:9,2,1,1
BRF:6
BRH:6
end_of_record
