TN:
SF:components\AppText.tsx
FN:8,AppText
FNF:1
FNH:1
FNDA:17,AppText
DA:9,17
DA:18,4
LF:2
LH:2
BRF:0
BRH:0
end_of_record
TN:
SF:components\DemandCard.tsx
FN:16,(anonymous_0)
FN:19,(anonymous_1)
FN:20,(anonymous_2)
FN:23,(anonymous_3)
FN:44,(anonymous_4)
FN:51,(anonymous_5)
FN:75,(anonymous_6)
FNF:7
FNH:7
FNDA:9,(anonymous_0)
FNDA:5,(anonymous_1)
FNDA:5,(anonymous_2)
FNDA:11,(anonymous_3)
FNDA:1,(anonymous_4)
FNDA:1,(anonymous_5)
FNDA:1,(anonymous_6)
DA:16,1
DA:17,9
DA:19,9
DA:20,5
DA:21,5
DA:22,5
DA:23,11
DA:24,5
DA:26,1
DA:29,5
DA:33,9
DA:44,1
DA:51,1
DA:71,9
DA:72,4
DA:75,1
DA:83,5
DA:86,1
LF:18
LH:18
BRDA:16,0,0,7
BRDA:40,1,0,2
BRDA:40,1,1,7
BRDA:58,2,0,7
BRDA:58,2,1,4
BRDA:71,3,0,4
BRDA:71,3,1,5
BRF:7
BRH:7
end_of_record
TN:
SF:components\DropdownSelect.tsx
FN:17,DropdownSelect
FN:31,(anonymous_1)
FN:39,(anonymous_2)
FNF:3
FNH:3
FNDA:5,DropdownSelect
FNDA:1,(anonymous_1)
FNDA:10,(anonymous_2)
DA:23,5
DA:31,1
DA:39,10
DA:46,1
LF:4
LH:4
BRDA:21,0,0,3
BRF:1
BRH:1
end_of_record
TN:
SF:components\InputContainer.tsx
FN:10,InputContainer
FNF:1
FNH:1
FNDA:5,InputContainer
DA:11,5
DA:20,1
LF:2
LH:2
BRDA:13,0,0,5
BRDA:13,0,1,4
BRF:2
BRH:2
end_of_record
TN:
SF:components\MemberCard.tsx
FN:11,MemberCard
FNF:1
FNH:1
FNDA:2,MemberCard
DA:15,2
DA:25,1
LF:2
LH:2
BRF:0
BRH:0
end_of_record
TN:
SF:components\NavBar.tsx
FN:9,NavBar
FN:13,(anonymous_1)
FN:14,(anonymous_2)
FN:22,(anonymous_3)
FN:23,(anonymous_4)
FN:24,(anonymous_5)
FN:37,(anonymous_6)
FN:50,(anonymous_7)
FN:51,(anonymous_8)
FN:54,(anonymous_9)
FN:92,(anonymous_10)
FN:105,(anonymous_11)
FN:111,(anonymous_12)
FN:124,(anonymous_13)
FN:134,(anonymous_14)
FNF:15
FNH:15
FNDA:31,NavBar
FNDA:16,(anonymous_1)
FNDA:16,(anonymous_2)
FNDA:23,(anonymous_3)
FNDA:1,(anonymous_4)
FNDA:1,(anonymous_5)
FNDA:1,(anonymous_6)
FNDA:14,(anonymous_7)
FNDA:19,(anonymous_8)
FNDA:76,(anonymous_9)
FNDA:33,(anonymous_10)
FNDA:61,(anonymous_11)
FNDA:3,(anonymous_12)
FNDA:1,(anonymous_13)
FNDA:2,(anonymous_14)
DA:10,31
DA:13,31
DA:14,16
DA:15,16
DA:16,16
DA:18,16
DA:21,31
DA:22,23
DA:23,1
DA:25,1
DA:38,1
DA:50,14
DA:51,19
DA:54,31
DA:55,76
DA:56,76
DA:58,76
DA:59,2
DA:62,74
DA:64,4
DA:65,1
DA:67,3
DA:69,27
DA:70,1
DA:72,26
DA:75,4
DA:76,2
DA:78,2
DA:81,39
DA:82,9
DA:84,30
DA:87,61
DA:91,31
DA:92,31
DA:93,33
DA:94,33
DA:95,33
DA:101,31
DA:106,61
DA:109,61
DA:111,61
DA:112,3
DA:118,3
DA:119,2
DA:124,61
DA:125,1
DA:131,61
DA:133,61
DA:135,2
DA:138,61
DA:158,1
LF:51
LH:51
BRDA:58,0,0,2
BRDA:58,0,1,74
BRDA:62,1,0,4
BRDA:62,1,1,27
BRDA:62,1,2,4
BRDA:62,1,3,39
BRDA:64,2,0,1
BRDA:64,2,1,3
BRDA:69,3,0,1
BRDA:69,3,1,26
BRDA:75,4,0,2
BRDA:75,4,1,2
BRDA:75,5,0,4
BRDA:75,5,1,3
BRDA:81,6,0,9
BRDA:81,6,1,30
BRDA:81,7,0,39
BRDA:81,7,1,35
BRDA:81,7,2,32
BRDA:118,8,0,2
BRDA:118,8,1,1
BRDA:118,9,0,3
BRDA:118,9,1,2
BRDA:133,10,0,61
BRDA:133,10,1,2
BRDA:142,11,0,28
BRDA:142,11,1,33
BRDA:149,12,0,28
BRDA:149,12,1,33
BRF:29
BRH:29
end_of_record
TN:
SF:components\PasswordInputField.tsx
FN:11,PasswordInputField
FN:30,(anonymous_1)
FNF:2
FNH:2
FNDA:8,PasswordInputField
FNDA:2,(anonymous_1)
DA:17,8
DA:19,8
DA:30,2
DA:43,1
LF:4
LH:4
BRDA:12,0,0,7
BRDA:34,1,0,1
BRDA:34,1,1,7
BRF:3
BRH:3
end_of_record
TN:
SF:components\PrimaryButton.tsx
FN:16,PrimaryButton
FNF:1
FNH:1
FNDA:6,PrimaryButton
DA:14,1
DA:17,6
DA:19,6
DA:21,6
DA:28,1
LF:5
LH:5
BRDA:16,0,0,5
BRDA:19,1,0,1
BRDA:19,1,1,5
BRF:3
BRH:3
end_of_record
TN:
SF:components\ProfileActionCard.tsx
FN:12,ProfileActionCard
FNF:1
FNH:1
FNDA:5,ProfileActionCard
DA:17,5
DA:31,1
LF:2
LH:2
BRDA:21,0,0,5
BRDA:21,0,1,1
BRF:2
BRH:2
end_of_record
TN:
SF:components\ResearchCard.tsx
FN:16,(anonymous_0)
FN:25,(anonymous_1)
FN:26,(anonymous_2)
FN:30,(anonymous_3)
FN:31,(anonymous_4)
FN:72,(anonymous_5)
FN:79,(anonymous_6)
FN:103,(anonymous_7)
FNF:8
FNH:8
FNDA:12,(anonymous_0)
FNDA:6,(anonymous_1)
FNDA:6,(anonymous_2)
FNDA:8,(anonymous_3)
FNDA:13,(anonymous_4)
FNDA:1,(anonymous_5)
FNDA:1,(anonymous_6)
FNDA:1,(anonymous_7)
DA:16,1
DA:23,12
DA:25,12
DA:26,6
DA:27,6
DA:28,6
DA:29,6
DA:31,13
DA:32,8
DA:33,5
DA:35,3
DA:36,1
DA:38,2
DA:39,1
DA:41,1
DA:44,6
DA:46,0
DA:50,6
DA:54,12
DA:61,12
DA:72,1
DA:79,1
DA:99,12
DA:100,4
DA:103,1
DA:111,8
DA:114,1
LF:27
LH:26
BRDA:21,0,0,10
BRDA:32,1,0,5
BRDA:32,1,1,3
BRDA:35,2,0,1
BRDA:35,2,1,2
BRDA:38,3,0,1
BRDA:38,3,1,1
BRDA:54,4,0,5
BRDA:54,4,1,7
BRDA:55,5,0,1
BRDA:55,5,1,4
BRDA:56,6,0,1
BRDA:56,6,1,0
BRDA:68,7,0,2
BRDA:68,7,1,10
BRDA:86,8,0,10
BRDA:86,8,1,4
BRDA:99,9,0,4
BRDA:99,9,1,8
BRF:19
BRH:18
end_of_record
TN:
SF:components\SearchBar.tsx
FN:11,SearchBar
FNF:1
FNH:1
FNDA:5,SearchBar
DA:12,5
DA:28,1
LF:2
LH:2
BRDA:18,0,0,5
BRDA:18,0,1,3
BRF:2
BRH:2
end_of_record
TN:
SF:components\SegmentedControl.tsx
FN:12,(anonymous_0)
FN:15,(anonymous_1)
FN:21,(anonymous_2)
FNF:3
FNH:3
FNDA:3,(anonymous_0)
FNDA:9,(anonymous_1)
FNDA:1,(anonymous_2)
DA:12,1
DA:13,3
DA:16,9
DA:17,9
DA:21,1
DA:33,1
LF:6
LH:6
BRDA:20,0,0,9
BRDA:20,0,1,3
BRDA:23,1,0,9
BRDA:23,1,1,3
BRF:4
BRH:4
end_of_record
TN:
SF:components\SimpleAccordion.tsx
FN:10,SimpleAccordion
FN:13,toggleAccordion
FNF:2
FNH:2
FNDA:9,SimpleAccordion
FNDA:4,toggleAccordion
DA:6,1
DA:7,0
DA:11,9
DA:14,4
DA:15,4
DA:18,9
DA:39,1
LF:7
LH:6
BRDA:6,0,0,0
BRDA:6,0,1,1
BRDA:24,1,0,3
BRDA:24,1,1,6
BRDA:30,2,0,9
BRDA:30,2,1,3
BRF:6
BRH:5
end_of_record
TN:
SF:components\StatusBar.tsx
FN:4,StatusBar
FNF:1
FNH:1
FNDA:4,StatusBar
DA:5,4
LF:1
LH:1
BRF:0
BRH:0
end_of_record
TN:
SF:components\TextAreaInputField.tsx
FN:8,TextAreaInputField
FNF:1
FNH:1
FNDA:5,TextAreaInputField
DA:9,5
DA:24,1
LF:2
LH:2
BRF:0
BRH:0
end_of_record
TN:
SF:components\TextInputField.tsx
FN:8,TextInputField
FNF:1
FNH:1
FNDA:12,TextInputField
DA:9,12
DA:21,2
LF:2
LH:2
BRF:0
BRH:0
end_of_record
TN:
SF:components\ViewContainer.tsx
FN:8,ViewContainer
FNF:1
FNH:1
FNDA:3,ViewContainer
DA:9,3
DA:16,1
LF:2
LH:2
BRF:0
BRH:0
end_of_record
TN:
SF:utils\formatCNPJ.ts
FN:3,formatCNPJ
FNF:1
FNH:1
FNDA:9,formatCNPJ
DA:5,9
DA:8,9
DA:9,9
DA:10,3
DA:11,6
DA:12,1
DA:13,5
DA:14,1
DA:15,4
DA:16,1
DA:18,3
DA:24,9
LF:12
LH:12
BRDA:9,0,0,3
BRDA:9,0,1,6
BRDA:11,1,0,1
BRDA:11,1,1,5
BRDA:13,2,0,1
BRDA:13,2,1,4
BRDA:15,3,0,1
BRDA:15,3,1,3
BRF:8
BRH:8
end_of_record
TN:
SF:utils\formatDate.ts
FN:1,isIsoDate
FN:5,formatDate
FNF:2
FNH:2
FNDA:10,isIsoDate
FNDA:10,formatDate
DA:2,10
DA:6,10
DA:7,1
DA:8,1
DA:9,1
DA:12,9
DA:14,9
DA:17,9
DA:18,6
DA:22,9
DA:23,4
DA:27,9
LF:12
LH:12
BRDA:2,0,0,10
BRDA:2,0,1,1
BRDA:6,1,0,1
BRDA:6,1,1,9
BRDA:7,2,0,0
BRDA:7,2,1,1
BRDA:17,3,0,6
BRDA:17,3,1,3
BRDA:22,4,0,4
BRDA:22,4,1,5
BRF:10
BRH:9
end_of_record
TN:
SF:utils\validateBirthDate.ts
FN:8,validateBirthDate
FNF:1
FNH:1
FNDA:5,validateBirthDate
DA:9,5
DA:10,5
DA:11,5
DA:12,1
DA:13,1
DA:16,4
DA:17,4
DA:18,4
DA:21,4
DA:22,4
DA:23,4
DA:27,4
DA:32,1
DA:33,1
DA:37,3
DA:39,3
DA:42,3
DA:43,0
DA:44,0
DA:47,3
DA:48,3
DA:49,3
DA:54,3
DA:55,1
DA:56,1
DA:59,2
LF:26
LH:24
BRDA:11,0,0,1
BRDA:11,0,1,4
BRDA:27,1,0,1
BRDA:27,1,1,3
BRDA:28,2,0,4
BRDA:28,2,1,4
BRDA:28,2,2,3
BRDA:42,3,0,0
BRDA:42,3,1,3
BRDA:54,4,0,1
BRDA:54,4,1,2
BRF:11
BRH:10
end_of_record
TN:
SF:utils\validateCNPJ.ts
FN:3,validateCNPJ
FN:24,(anonymous_1)
FNF:2
FNH:2
FNDA:7,validateCNPJ
FNDA:6,(anonymous_1)
DA:4,7
DA:5,1
DA:6,1
DA:10,6
DA:12,6
DA:13,2
DA:14,2
DA:18,4
DA:19,1
DA:20,1
DA:24,3
DA:25,6
DA:26,6
DA:27,6
DA:28,75
DA:29,75
DA:31,6
DA:32,6
DA:35,3
DA:37,3
DA:38,3
DA:39,0
DA:40,0
DA:43,3
DA:44,3
DA:45,1
DA:46,1
DA:49,2
LF:28
LH:26
BRDA:4,0,0,1
BRDA:4,0,1,6
BRDA:12,1,0,2
BRDA:12,1,1,4
BRDA:18,2,0,1
BRDA:18,2,1,3
BRDA:29,3,0,12
BRDA:29,3,1,63
BRDA:31,4,0,3
BRDA:31,4,1,3
BRDA:38,5,0,0
BRDA:38,5,1,3
BRDA:44,6,0,1
BRDA:44,6,1,2
BRF:14
BRH:13
end_of_record
TN:
SF:utils\validateEmail.ts
FN:3,validateEmail
FNF:1
FNH:1
FNDA:6,validateEmail
DA:4,6
DA:5,1
DA:6,1
DA:9,5
DA:10,5
DA:12,5
DA:13,3
DA:14,3
DA:17,2
LF:9
LH:9
BRDA:4,0,0,1
BRDA:4,0,1,5
BRDA:4,1,0,6
BRDA:4,1,1,5
BRDA:12,2,0,3
BRDA:12,2,1,2
BRDA:12,3,0,5
BRDA:12,3,1,4
BRDA:12,3,2,3
BRF:9
BRH:9
end_of_record
TN:
SF:utils\validatePassword.ts
FN:3,validatePassword
FNF:1
FNH:1
FNDA:3,validatePassword
DA:4,3
DA:5,1
DA:6,1
DA:9,2
DA:10,1
DA:11,1
DA:14,1
LF:7
LH:7
BRDA:4,0,0,1
BRDA:4,0,1,2
BRDA:4,1,0,3
BRDA:4,1,1,2
BRDA:9,2,0,1
BRDA:9,2,1,1
BRF:6
BRH:6
end_of_record
